{"/home/travis/build/npmtest/node-npmtest-react-select/test.js":{"path":"/home/travis/build/npmtest/node-npmtest-react-select/test.js","s":{"1":2,"2":2,"3":2,"4":2,"5":2,"6":2,"7":2,"8":1,"9":2,"10":2,"11":1,"12":1,"13":1,"14":1,"15":2,"16":2,"17":2,"18":2,"19":1,"20":1,"21":2,"22":2,"23":2,"24":1,"25":1,"26":1,"27":1,"28":1,"29":1,"30":1,"31":1,"32":1,"33":1,"34":1,"35":1,"36":1,"37":2,"38":2,"39":1,"40":2,"41":2,"42":1,"43":2,"44":2,"45":1,"46":2,"47":2,"48":1,"49":1,"50":1,"51":1,"52":1},"b":{"1":[2,1,1,1],"2":[1,1,1,1],"3":[1,1],"4":[1,1],"5":[1,1],"6":[1,1],"7":[1,1],"8":[1,1],"9":[1,1,1],"10":[1,1],"11":[1,1],"12":[1,1],"13":[1,1],"14":[1,1],"15":[1,1],"16":[1,1]},"f":{"1":2,"2":2,"3":2,"4":2,"5":2,"6":1,"7":1,"8":2,"9":2,"10":2,"11":2,"12":1},"fnMap":{"1":{"name":"(anonymous_1)","line":12,"loc":{"start":{"line":12,"column":1},"end":{"line":12,"column":13}}},"2":{"name":"(anonymous_2)","line":19,"loc":{"start":{"line":19,"column":5},"end":{"line":19,"column":17}}},"3":{"name":"(anonymous_3)","line":23,"loc":{"start":{"line":23,"column":24},"end":{"line":23,"column":36}}},"4":{"name":"(anonymous_4)","line":61,"loc":{"start":{"line":61,"column":5},"end":{"line":61,"column":17}}},"5":{"name":"(anonymous_5)","line":82,"loc":{"start":{"line":82,"column":5},"end":{"line":82,"column":17}}},"6":{"name":"(anonymous_6)","line":102,"loc":{"start":{"line":102,"column":83},"end":{"line":105,"column":10}},"skip":true},"7":{"name":"(anonymous_7)","line":113,"loc":{"start":{"line":113,"column":77},"end":{"line":116,"column":10}},"skip":true},"8":{"name":"(anonymous_8)","line":129,"loc":{"start":{"line":129,"column":12},"end":{"line":129,"column":40}},"skip":true},"9":{"name":"(anonymous_9)","line":137,"loc":{"start":{"line":137,"column":77},"end":{"line":140,"column":10}},"skip":true},"10":{"name":"(anonymous_10)","line":148,"loc":{"start":{"line":148,"column":83},"end":{"line":151,"column":10}},"skip":true},"11":{"name":"(anonymous_11)","line":159,"loc":{"start":{"line":159,"column":79},"end":{"line":162,"column":10}},"skip":true},"12":{"name":"(anonymous_12)","line":170,"loc":{"start":{"line":170,"column":75},"end":{"line":173,"column":10}},"skip":true}},"statementMap":{"1":{"start":{"line":12,"column":0},"end":{"line":185,"column":5}},"2":{"start":{"line":14,"column":4},"end":{"line":14,"column":14}},"3":{"start":{"line":19,"column":4},"end":{"line":56,"column":9}},"4":{"start":{"line":21,"column":8},"end":{"line":21,"column":19}},"5":{"start":{"line":23,"column":8},"end":{"line":35,"column":13}},"6":{"start":{"line":24,"column":12},"end":{"line":34,"column":13}},"7":{"start":{"line":25,"column":16},"end":{"line":28,"column":30}},"8":{"start":{"line":30,"column":16},"end":{"line":33,"column":27}},"9":{"start":{"line":37,"column":8},"end":{"line":39,"column":21}},"10":{"start":{"line":40,"column":8},"end":{"line":53,"column":9}},"11":{"start":{"line":43,"column":12},"end":{"line":46,"column":14}},"12":{"start":{"line":47,"column":12},"end":{"line":47,"column":18}},"13":{"start":{"line":50,"column":12},"end":{"line":51,"column":46}},"14":{"start":{"line":52,"column":12},"end":{"line":52,"column":18}},"15":{"start":{"line":55,"column":8},"end":{"line":55,"column":35}},"16":{"start":{"line":61,"column":4},"end":{"line":63,"column":9}},"17":{"start":{"line":62,"column":8},"end":{"line":62,"column":15}},"18":{"start":{"line":64,"column":4},"end":{"line":77,"column":5}},"19":{"start":{"line":70,"column":8},"end":{"line":70,"column":14}},"20":{"start":{"line":76,"column":8},"end":{"line":76,"column":14}},"21":{"start":{"line":82,"column":4},"end":{"line":84,"column":9}},"22":{"start":{"line":83,"column":8},"end":{"line":83,"column":15}},"23":{"start":{"line":85,"column":4},"end":{"line":184,"column":5}},"24":{"start":{"line":92,"column":8},"end":{"line":94,"column":63}},"25":{"start":{"line":95,"column":8},"end":{"line":95,"column":14}},"26":{"start":{"line":102,"column":8},"end":{"line":111,"column":10},"skip":true},"27":{"start":{"line":109,"column":12},"end":{"line":109,"column":55},"skip":true},"28":{"start":{"line":110,"column":12},"end":{"line":110,"column":48},"skip":true},"29":{"start":{"line":113,"column":8},"end":{"line":126,"column":10},"skip":true},"30":{"start":{"line":120,"column":12},"end":{"line":120,"column":76},"skip":true},"31":{"start":{"line":121,"column":12},"end":{"line":121,"column":73},"skip":true},"32":{"start":{"line":122,"column":12},"end":{"line":122,"column":74},"skip":true},"33":{"start":{"line":123,"column":12},"end":{"line":123,"column":79},"skip":true},"34":{"start":{"line":124,"column":12},"end":{"line":124,"column":25},"skip":true},"35":{"start":{"line":125,"column":12},"end":{"line":125,"column":45},"skip":true},"36":{"start":{"line":128,"column":8},"end":{"line":135,"column":14},"skip":true},"37":{"start":{"line":133,"column":16},"end":{"line":133,"column":29},"skip":true},"38":{"start":{"line":134,"column":16},"end":{"line":134,"column":55},"skip":true},"39":{"start":{"line":137,"column":8},"end":{"line":146,"column":10},"skip":true},"40":{"start":{"line":144,"column":12},"end":{"line":144,"column":25},"skip":true},"41":{"start":{"line":145,"column":12},"end":{"line":145,"column":45},"skip":true},"42":{"start":{"line":148,"column":8},"end":{"line":157,"column":10},"skip":true},"43":{"start":{"line":155,"column":12},"end":{"line":155,"column":25},"skip":true},"44":{"start":{"line":156,"column":12},"end":{"line":156,"column":48},"skip":true},"45":{"start":{"line":159,"column":8},"end":{"line":168,"column":10},"skip":true},"46":{"start":{"line":166,"column":12},"end":{"line":166,"column":25},"skip":true},"47":{"start":{"line":167,"column":12},"end":{"line":167,"column":46},"skip":true},"48":{"start":{"line":170,"column":8},"end":{"line":179,"column":10},"skip":true},"49":{"start":{"line":177,"column":12},"end":{"line":177,"column":94},"skip":true},"50":{"start":{"line":178,"column":12},"end":{"line":178,"column":48},"skip":true},"51":{"start":{"line":182,"column":8},"end":{"line":182,"column":35},"skip":true},"52":{"start":{"line":183,"column":8},"end":{"line":183,"column":14},"skip":true}},"branchMap":{"1":{"line":25,"type":"binary-expr","locations":[{"start":{"line":25,"column":23},"end":{"line":25,"column":62}},{"start":{"line":26,"column":20},"end":{"line":26,"column":70}},{"start":{"line":27,"column":20},"end":{"line":27,"column":71}},{"start":{"line":28,"column":20},"end":{"line":28,"column":29}}]},"2":{"line":30,"type":"binary-expr","locations":[{"start":{"line":30,"column":23},"end":{"line":30,"column":37}},{"start":{"line":31,"column":20},"end":{"line":31,"column":61}},{"start":{"line":32,"column":20},"end":{"line":32,"column":70}},{"start":{"line":33,"column":20},"end":{"line":33,"column":26}}]},"3":{"line":37,"type":"cond-expr","locations":[{"start":{"line":38,"column":14},"end":{"line":38,"column":20}},{"start":{"line":39,"column":14},"end":{"line":39,"column":20}}]},"4":{"line":40,"type":"switch","locations":[{"start":{"line":42,"column":8},"end":{"line":47,"column":18}},{"start":{"line":49,"column":8},"end":{"line":52,"column":18}}]},"5":{"line":44,"type":"binary-expr","locations":[{"start":{"line":44,"column":16},"end":{"line":44,"column":44}},{"start":{"line":44,"column":48},"end":{"line":44,"column":66}}]},"6":{"line":50,"type":"binary-expr","locations":[{"start":{"line":50,"column":21},"end":{"line":50,"column":49}},{"start":{"line":50,"column":53},"end":{"line":50,"column":72}}]},"7":{"line":64,"type":"switch","locations":[{"start":{"line":69,"column":4},"end":{"line":70,"column":14}},{"start":{"line":75,"column":4},"end":{"line":76,"column":14}}]},"8":{"line":85,"type":"switch","locations":[{"start":{"line":90,"column":4},"end":{"line":95,"column":14}},{"start":{"line":101,"column":4},"end":{"line":183,"column":14},"skip":true}]},"9":{"line":92,"type":"binary-expr","locations":[{"start":{"line":92,"column":18},"end":{"line":92,"column":32}},{"start":{"line":93,"column":12},"end":{"line":93,"column":53}},{"start":{"line":94,"column":12},"end":{"line":94,"column":61}}]},"10":{"line":102,"type":"binary-expr","locations":[{"start":{"line":102,"column":45},"end":{"line":102,"column":79},"skip":true},{"start":{"line":102,"column":83},"end":{"line":111,"column":9},"skip":true}]},"11":{"line":113,"type":"binary-expr","locations":[{"start":{"line":113,"column":42},"end":{"line":113,"column":73},"skip":true},{"start":{"line":113,"column":77},"end":{"line":126,"column":9},"skip":true}]},"12":{"line":128,"type":"binary-expr","locations":[{"start":{"line":128,"column":48},"end":{"line":128,"column":85},"skip":true},{"start":{"line":129,"column":12},"end":{"line":135,"column":13},"skip":true}]},"13":{"line":137,"type":"binary-expr","locations":[{"start":{"line":137,"column":42},"end":{"line":137,"column":73},"skip":true},{"start":{"line":137,"column":77},"end":{"line":146,"column":9},"skip":true}]},"14":{"line":148,"type":"binary-expr","locations":[{"start":{"line":148,"column":45},"end":{"line":148,"column":79},"skip":true},{"start":{"line":148,"column":83},"end":{"line":157,"column":9},"skip":true}]},"15":{"line":159,"type":"binary-expr","locations":[{"start":{"line":159,"column":43},"end":{"line":159,"column":75},"skip":true},{"start":{"line":159,"column":79},"end":{"line":168,"column":9},"skip":true}]},"16":{"line":170,"type":"binary-expr","locations":[{"start":{"line":170,"column":41},"end":{"line":170,"column":71},"skip":true},{"start":{"line":170,"column":75},"end":{"line":179,"column":9},"skip":true}]}},"code":["/* istanbul instrument in package npmtest_react_select */","/*jslint","    bitwise: true,","    browser: true,","    maxerr: 8,","    maxlen: 96,","    node: true,","    nomen: true,","    regexp: true,","    stupid: true","*/","(function () {","    'use strict';","    var local;","","","","    // run shared js-env code - pre-init","    (function () {","        // init local","        local = {};","        // init modeJs","        local.modeJs = (function () {","            try {","                return typeof navigator.userAgent === 'string' &&","                    typeof document.querySelector('body') === 'object' &&","                    typeof XMLHttpRequest.prototype.open === 'function' &&","                    'browser';","            } catch (errorCaughtBrowser) {","                return module.exports &&","                    typeof process.versions.node === 'string' &&","                    typeof require('http').createServer === 'function' &&","                    'node';","            }","        }());","        // init global","        local.global = local.modeJs === 'browser'","            ? window","            : global;","        switch (local.modeJs) {","        // re-init local from window.local","        case 'browser':","            local = local.global.utility2.objectSetDefault(","                local.global.utility2_rollup || local.global.local,","                local.global.utility2","            );","            break;","        // re-init local from example.js","        case 'node':","            local = (local.global.utility2_rollup || require('utility2'))","                .requireExampleJsFromReadme();","            break;","        }","        // export local","        local.global.local = local;","    }());","","","","    // run shared js-env code - function","    (function () {","        return;","    }());","    switch (local.modeJs) {","","","","    // run browser js-env code - function","    case 'browser':","        break;","","","","    // run node js-env code - function","    case 'node':","        break;","    }","","","","    // run shared js-env code - post-init","    (function () {","        return;","    }());","    switch (local.modeJs) {","","","","    // run browser js-env code - post-init","    case 'browser':","        // run tests","        local.nop(local.modeTest &&","            document.querySelector('#testRunButton1') &&","            document.querySelector('#testRunButton1').click());","        break;","","","","    // run node js-env code - post-init","    /* istanbul ignore next */","    case 'node':","        local.testCase_buildApidoc_default = local.testCase_buildApidoc_default || function (","            options,","            onError","        ) {","        /*","         * this function will test buildApidoc's default handling-behavior-behavior","         */","            options = { modulePathList: module.paths };","            local.buildApidoc(options, onError);","        };","","        local.testCase_buildApp_default = local.testCase_buildApp_default || function (","            options,","            onError","        ) {","        /*","         * this function will test buildApp's default handling-behavior-behavior","         */","            local.testCase_buildReadme_default(options, local.onErrorThrow);","            local.testCase_buildLib_default(options, local.onErrorThrow);","            local.testCase_buildTest_default(options, local.onErrorThrow);","            local.testCase_buildCustomOrg_default(options, local.onErrorThrow);","            options = [];","            local.buildApp(options, onError);","        };","","        local.testCase_buildCustomOrg_default = local.testCase_buildCustomOrg_default ||","            function (options, onError) {","            /*","             * this function will test buildCustomOrg's default handling-behavior","             */","                options = {};","                local.buildCustomOrg(options, onError);","            };","","        local.testCase_buildLib_default = local.testCase_buildLib_default || function (","            options,","            onError","        ) {","        /*","         * this function will test buildLib's default handling-behavior","         */","            options = {};","            local.buildLib(options, onError);","        };","","        local.testCase_buildReadme_default = local.testCase_buildReadme_default || function (","            options,","            onError","        ) {","        /*","         * this function will test buildReadme's default handling-behavior-behavior","         */","            options = {};","            local.buildReadme(options, onError);","        };","","        local.testCase_buildTest_default = local.testCase_buildTest_default || function (","            options,","            onError","        ) {","        /*","         * this function will test buildTest's default handling-behavior","         */","            options = {};","            local.buildTest(options, onError);","        };","","        local.testCase_webpage_default = local.testCase_webpage_default || function (","            options,","            onError","        ) {","        /*","         * this function will test webpage's default handling-behavior","         */","            options = { modeCoverageMerge: true, url: local.serverLocalHost + '?modeTest=1' };","            local.browserTest(options, onError);","        };","","        // run test-server","        local.testRunServer(local);","        break;","    }","}());",""],"l":{"12":2,"14":2,"19":2,"21":2,"23":2,"24":2,"25":2,"30":1,"37":2,"40":2,"43":1,"47":1,"50":1,"52":1,"55":2,"61":2,"62":2,"64":2,"70":1,"76":1,"82":2,"83":2,"85":2,"92":1,"95":1,"102":1,"109":1,"110":1,"113":1,"120":1,"121":1,"122":1,"123":1,"124":1,"125":1,"128":1,"133":2,"134":2,"137":1,"144":2,"145":2,"148":1,"155":2,"156":2,"159":1,"166":2,"167":2,"170":1,"177":1,"178":1,"182":1,"183":1}},"/home/travis/build/npmtest/node-npmtest-react-select/lib.npmtest_react_select.js":{"path":"/home/travis/build/npmtest/node-npmtest-react-select/lib.npmtest_react_select.js","s":{"1":2,"2":2,"3":2,"4":2,"5":2,"6":2,"7":2,"8":1,"9":2,"10":2,"11":2,"12":2,"13":1,"14":1,"15":1,"16":1},"b":{"1":[2,1,1,1],"2":[1,1,1,1],"3":[1,1],"4":[2,2],"5":[1,1]},"f":{"1":2,"2":2,"3":2},"fnMap":{"1":{"name":"(anonymous_1)","line":12,"loc":{"start":{"line":12,"column":1},"end":{"line":12,"column":13}}},"2":{"name":"(anonymous_2)","line":19,"loc":{"start":{"line":19,"column":5},"end":{"line":19,"column":17}}},"3":{"name":"(anonymous_3)","line":23,"loc":{"start":{"line":23,"column":24},"end":{"line":23,"column":36}}}},"statementMap":{"1":{"start":{"line":12,"column":0},"end":{"line":53,"column":5}},"2":{"start":{"line":14,"column":4},"end":{"line":14,"column":14}},"3":{"start":{"line":19,"column":4},"end":{"line":52,"column":9}},"4":{"start":{"line":21,"column":8},"end":{"line":21,"column":19}},"5":{"start":{"line":23,"column":8},"end":{"line":35,"column":13}},"6":{"start":{"line":24,"column":12},"end":{"line":34,"column":13}},"7":{"start":{"line":25,"column":16},"end":{"line":28,"column":30}},"8":{"start":{"line":30,"column":16},"end":{"line":33,"column":27}},"9":{"start":{"line":37,"column":8},"end":{"line":39,"column":21}},"10":{"start":{"line":41,"column":8},"end":{"line":41,"column":54}},"11":{"start":{"line":43,"column":8},"end":{"line":43,"column":57}},"12":{"start":{"line":45,"column":8},"end":{"line":51,"column":9}},"13":{"start":{"line":46,"column":12},"end":{"line":46,"column":63}},"14":{"start":{"line":48,"column":12},"end":{"line":48,"column":35}},"15":{"start":{"line":49,"column":12},"end":{"line":49,"column":49}},"16":{"start":{"line":50,"column":12},"end":{"line":50,"column":43}}},"branchMap":{"1":{"line":25,"type":"binary-expr","locations":[{"start":{"line":25,"column":23},"end":{"line":25,"column":62}},{"start":{"line":26,"column":20},"end":{"line":26,"column":70}},{"start":{"line":27,"column":20},"end":{"line":27,"column":71}},{"start":{"line":28,"column":20},"end":{"line":28,"column":29}}]},"2":{"line":30,"type":"binary-expr","locations":[{"start":{"line":30,"column":23},"end":{"line":30,"column":37}},{"start":{"line":31,"column":20},"end":{"line":31,"column":61}},{"start":{"line":32,"column":20},"end":{"line":32,"column":70}},{"start":{"line":33,"column":20},"end":{"line":33,"column":26}}]},"3":{"line":37,"type":"cond-expr","locations":[{"start":{"line":38,"column":14},"end":{"line":38,"column":20}},{"start":{"line":39,"column":14},"end":{"line":39,"column":20}}]},"4":{"line":41,"type":"binary-expr","locations":[{"start":{"line":41,"column":16},"end":{"line":41,"column":44}},{"start":{"line":41,"column":48},"end":{"line":41,"column":53}}]},"5":{"line":45,"type":"if","locations":[{"start":{"line":45,"column":8},"end":{"line":45,"column":8}},{"start":{"line":45,"column":8},"end":{"line":45,"column":8}}]}},"code":["/* istanbul instrument in package npmtest_react_select */","/*jslint","    bitwise: true,","    browser: true,","    maxerr: 8,","    maxlen: 96,","    node: true,","    nomen: true,","    regexp: true,","    stupid: true","*/","(function () {","    'use strict';","    var local;","","","","    // run shared js-env code - pre-init","    (function () {","        // init local","        local = {};","        // init modeJs","        local.modeJs = (function () {","            try {","                return typeof navigator.userAgent === 'string' &&","                    typeof document.querySelector('body') === 'object' &&","                    typeof XMLHttpRequest.prototype.open === 'function' &&","                    'browser';","            } catch (errorCaughtBrowser) {","                return module.exports &&","                    typeof process.versions.node === 'string' &&","                    typeof require('http').createServer === 'function' &&","                    'node';","            }","        }());","        // init global","        local.global = local.modeJs === 'browser'","            ? window","            : global;","        // init utility2_rollup","        local = local.global.utility2_rollup || local;","        // init lib","        local.local = local.npmtest_react_select = local;","        // init exports","        if (local.modeJs === 'browser') {","            local.global.utility2_npmtest_react_select = local;","        } else {","            module.exports = local;","            module.exports.__dirname = __dirname;","            module.exports.module = module;","        }","    }());","}());",""],"l":{"12":2,"14":2,"19":2,"21":2,"23":2,"24":2,"25":2,"30":1,"37":2,"41":2,"43":2,"45":2,"46":1,"48":1,"49":1,"50":1}},"/home/travis/build/npmtest/node-npmtest-react-select/example.js":{"path":"/home/travis/build/npmtest/node-npmtest-react-select/example.js","s":{"1":2,"2":2,"3":2,"4":2,"5":2,"6":2,"7":2,"8":1,"9":2,"10":2,"11":2,"12":2,"13":1,"14":2,"15":2,"16":2,"17":2,"18":2,"19":0,"20":2,"21":1,"22":1,"23":1,"24":1,"25":1,"26":0,"27":0,"28":1,"29":1,"30":2,"31":0,"32":0,"33":0,"34":1,"35":2,"36":2,"37":2,"38":2,"39":2,"40":2,"41":0,"42":2,"43":2,"44":2,"45":1,"46":3,"47":1,"48":1,"49":1,"50":1,"51":1,"52":1,"53":1,"54":1,"55":1,"56":1,"57":0,"58":1,"59":6,"60":6,"61":1,"62":2,"63":0,"64":2,"65":1,"66":1,"67":0,"68":0,"69":0,"70":0,"71":0,"72":0,"73":0,"74":0,"75":0,"76":0,"77":0,"78":0,"79":0,"80":0,"81":0,"82":0,"83":0},"b":{"1":[2,1,1,1],"2":[1,1,1,1],"3":[1,1],"4":[2,2],"5":[1,1],"6":[1,1],"7":[2,0],"8":[2,1,1,1,1,1],"9":[0,2,0],"10":[1,1],"11":[2,1,1],"12":[1,0],"13":[0,2],"14":[2,0,0,0,0,0,0],"15":[0,2],"16":[2,0],"17":[1,1],"18":[0,1],"19":[1,2,0,2],"20":[1,0],"21":[1,1],"22":[0,0],"23":[0,0],"24":[0,0],"25":[0,0],"26":[0,0],"27":[0,0],"28":[0,0]},"f":{"1":2,"2":2,"3":2,"4":2,"5":2,"6":2,"7":2,"8":2,"9":3,"10":1,"11":6,"12":0},"fnMap":{"1":{"name":"(anonymous_1)","line":26,"loc":{"start":{"line":26,"column":1},"end":{"line":26,"column":13}}},"2":{"name":"(anonymous_2)","line":33,"loc":{"start":{"line":33,"column":5},"end":{"line":33,"column":17}}},"3":{"name":"(anonymous_3)","line":37,"loc":{"start":{"line":37,"column":24},"end":{"line":37,"column":36}}},"4":{"name":"(anonymous_4)","line":69,"loc":{"start":{"line":69,"column":31},"end":{"line":69,"column":48}},"skip":true},"5":{"name":"(anonymous_5)","line":78,"loc":{"start":{"line":78,"column":26},"end":{"line":78,"column":45}},"skip":true},"6":{"name":"(anonymous_6)","line":123,"loc":{"start":{"line":123,"column":33},"end":{"line":123,"column":48}},"skip":true},"7":{"name":"(anonymous_7)","line":125,"loc":{"start":{"line":125,"column":27},"end":{"line":125,"column":39}},"skip":true},"8":{"name":"(anonymous_8)","line":133,"loc":{"start":{"line":133,"column":59},"end":{"line":133,"column":74}},"skip":true},"9":{"name":"(anonymous_9)","line":143,"loc":{"start":{"line":143,"column":45},"end":{"line":143,"column":62}},"skip":true},"10":{"name":"(anonymous_10)","line":144,"loc":{"start":{"line":144,"column":73},"end":{"line":144,"column":92}},"skip":true},"11":{"name":"(anonymous_11)","line":272,"loc":{"start":{"line":272,"column":51},"end":{"line":272,"column":77}},"skip":true},"12":{"name":"(anonymous_12)","line":314,"loc":{"start":{"line":314,"column":32},"end":{"line":314,"column":61}},"skip":true}},"statementMap":{"1":{"start":{"line":26,"column":0},"end":{"line":325,"column":5}},"2":{"start":{"line":28,"column":4},"end":{"line":28,"column":14}},"3":{"start":{"line":33,"column":4},"end":{"line":60,"column":9}},"4":{"start":{"line":35,"column":8},"end":{"line":35,"column":19}},"5":{"start":{"line":37,"column":8},"end":{"line":49,"column":13}},"6":{"start":{"line":38,"column":12},"end":{"line":48,"column":13}},"7":{"start":{"line":39,"column":16},"end":{"line":42,"column":30}},"8":{"start":{"line":44,"column":16},"end":{"line":47,"column":27}},"9":{"start":{"line":51,"column":8},"end":{"line":53,"column":21}},"10":{"start":{"line":55,"column":8},"end":{"line":57,"column":45}},"11":{"start":{"line":59,"column":8},"end":{"line":59,"column":35}},"12":{"start":{"line":61,"column":4},"end":{"line":324,"column":5}},"13":{"start":{"line":69,"column":8},"end":{"line":121,"column":10},"skip":true},"14":{"start":{"line":70,"column":12},"end":{"line":88,"column":13},"skip":true},"15":{"start":{"line":76,"column":16},"end":{"line":87,"column":19},"skip":true},"16":{"start":{"line":79,"column":20},"end":{"line":86,"column":21},"skip":true},"17":{"start":{"line":82,"column":24},"end":{"line":82,"column":43},"skip":true},"18":{"start":{"line":83,"column":24},"end":{"line":83,"column":30},"skip":true},"19":{"start":{"line":85,"column":24},"end":{"line":85,"column":49},"skip":true},"20":{"start":{"line":89,"column":12},"end":{"line":107,"column":13},"skip":true},"21":{"start":{"line":92,"column":16},"end":{"line":102,"column":17},"skip":true},"22":{"start":{"line":93,"column":20},"end":{"line":93,"column":86},"skip":true},"23":{"start":{"line":94,"column":20},"end":{"line":95,"column":45},"skip":true},"24":{"start":{"line":96,"column":20},"end":{"line":96,"column":42},"skip":true},"25":{"start":{"line":97,"column":20},"end":{"line":97,"column":48},"skip":true},"26":{"start":{"line":100,"column":20},"end":{"line":100,"column":85},"skip":true},"27":{"start":{"line":101,"column":20},"end":{"line":101,"column":96},"skip":true},"28":{"start":{"line":103,"column":16},"end":{"line":103,"column":22},"skip":true},"29":{"start":{"line":106,"column":16},"end":{"line":106,"column":22},"skip":true},"30":{"start":{"line":108,"column":12},"end":{"line":120,"column":13},"skip":true},"31":{"start":{"line":114,"column":16},"end":{"line":119,"column":17},"skip":true},"32":{"start":{"line":116,"column":20},"end":{"line":116,"column":78},"skip":true},"33":{"start":{"line":118,"column":20},"end":{"line":118,"column":53},"skip":true},"34":{"start":{"line":123,"column":8},"end":{"line":141,"column":11},"skip":true},"35":{"start":{"line":124,"column":12},"end":{"line":124,"column":54},"skip":true},"36":{"start":{"line":125,"column":12},"end":{"line":140,"column":14},"skip":true},"37":{"start":{"line":126,"column":16},"end":{"line":126,"column":28},"skip":true},"38":{"start":{"line":127,"column":16},"end":{"line":127,"column":69},"skip":true},"39":{"start":{"line":128,"column":16},"end":{"line":128,"column":75},"skip":true},"40":{"start":{"line":129,"column":16},"end":{"line":131,"column":17},"skip":true},"41":{"start":{"line":130,"column":20},"end":{"line":130,"column":27},"skip":true},"42":{"start":{"line":133,"column":16},"end":{"line":137,"column":36},"skip":true},"43":{"start":{"line":134,"column":20},"end":{"line":136,"column":55},"skip":true},"44":{"start":{"line":139,"column":16},"end":{"line":139,"column":57},"skip":true},"45":{"start":{"line":143,"column":8},"end":{"line":147,"column":11},"skip":true},"46":{"start":{"line":144,"column":12},"end":{"line":146,"column":15},"skip":true},"47":{"start":{"line":145,"column":16},"end":{"line":145,"column":70},"skip":true},"48":{"start":{"line":149,"column":8},"end":{"line":149,"column":31},"skip":true},"49":{"start":{"line":150,"column":8},"end":{"line":150,"column":14},"skip":true},"50":{"start":{"line":158,"column":8},"end":{"line":158,"column":31},"skip":true},"51":{"start":{"line":160,"column":8},"end":{"line":160,"column":33},"skip":true},"52":{"start":{"line":161,"column":8},"end":{"line":161,"column":37},"skip":true},"53":{"start":{"line":162,"column":8},"end":{"line":162,"column":35},"skip":true},"54":{"start":{"line":164,"column":8},"end":{"line":164,"column":50},"skip":true},"55":{"start":{"line":166,"column":8},"end":{"line":256,"column":2},"skip":true},"56":{"start":{"line":258,"column":8},"end":{"line":286,"column":9},"skip":true},"57":{"start":{"line":259,"column":12},"end":{"line":269,"column":14},"skip":true},"58":{"start":{"line":271,"column":12},"end":{"line":285,"column":19},"skip":true},"59":{"start":{"line":274,"column":20},"end":{"line":274,"column":35},"skip":true},"60":{"start":{"line":275,"column":20},"end":{"line":284,"column":21},"skip":true},"61":{"start":{"line":277,"column":24},"end":{"line":277,"column":64},"skip":true},"62":{"start":{"line":279,"column":24},"end":{"line":279,"column":40},"skip":true},"63":{"start":{"line":281,"column":24},"end":{"line":281,"column":40},"skip":true},"64":{"start":{"line":283,"column":24},"end":{"line":283,"column":39},"skip":true},"65":{"start":{"line":288,"column":8},"end":{"line":290,"column":9},"skip":true},"66":{"start":{"line":289,"column":12},"end":{"line":289,"column":18},"skip":true},"67":{"start":{"line":291,"column":8},"end":{"line":293,"column":54},"skip":true},"68":{"start":{"line":294,"column":8},"end":{"line":301,"column":37},"skip":true},"69":{"start":{"line":302,"column":8},"end":{"line":302,"column":82},"skip":true},"70":{"start":{"line":305,"column":8},"end":{"line":307,"column":9},"skip":true},"71":{"start":{"line":306,"column":12},"end":{"line":306,"column":82},"skip":true},"72":{"start":{"line":309,"column":8},"end":{"line":311,"column":9},"skip":true},"73":{"start":{"line":310,"column":12},"end":{"line":310,"column":18},"skip":true},"74":{"start":{"line":312,"column":8},"end":{"line":312,"column":54},"skip":true},"75":{"start":{"line":313,"column":8},"end":{"line":313,"column":69},"skip":true},"76":{"start":{"line":314,"column":8},"end":{"line":322,"column":36},"skip":true},"77":{"start":{"line":315,"column":12},"end":{"line":315,"column":61},"skip":true},"78":{"start":{"line":316,"column":12},"end":{"line":319,"column":13},"skip":true},"79":{"start":{"line":317,"column":16},"end":{"line":317,"column":75},"skip":true},"80":{"start":{"line":318,"column":16},"end":{"line":318,"column":23},"skip":true},"81":{"start":{"line":320,"column":12},"end":{"line":320,"column":38},"skip":true},"82":{"start":{"line":321,"column":12},"end":{"line":321,"column":27},"skip":true},"83":{"start":{"line":323,"column":8},"end":{"line":323,"column":14},"skip":true}},"branchMap":{"1":{"line":39,"type":"binary-expr","locations":[{"start":{"line":39,"column":23},"end":{"line":39,"column":62}},{"start":{"line":40,"column":20},"end":{"line":40,"column":70}},{"start":{"line":41,"column":20},"end":{"line":41,"column":71}},{"start":{"line":42,"column":20},"end":{"line":42,"column":29}}]},"2":{"line":44,"type":"binary-expr","locations":[{"start":{"line":44,"column":23},"end":{"line":44,"column":37}},{"start":{"line":45,"column":20},"end":{"line":45,"column":61}},{"start":{"line":46,"column":20},"end":{"line":46,"column":70}},{"start":{"line":47,"column":20},"end":{"line":47,"column":26}}]},"3":{"line":51,"type":"cond-expr","locations":[{"start":{"line":52,"column":14},"end":{"line":52,"column":20}},{"start":{"line":53,"column":14},"end":{"line":53,"column":20}}]},"4":{"line":55,"type":"binary-expr","locations":[{"start":{"line":55,"column":16},"end":{"line":55,"column":44}},{"start":{"line":55,"column":49},"end":{"line":57,"column":43}}]},"5":{"line":55,"type":"cond-expr","locations":[{"start":{"line":56,"column":14},"end":{"line":56,"column":56}},{"start":{"line":57,"column":14},"end":{"line":57,"column":43}}]},"6":{"line":61,"type":"switch","locations":[{"start":{"line":68,"column":4},"end":{"line":150,"column":14},"skip":true},{"start":{"line":156,"column":4},"end":{"line":323,"column":14},"skip":true}]},"7":{"line":70,"type":"if","locations":[{"start":{"line":70,"column":12},"end":{"line":70,"column":12},"skip":true},{"start":{"line":70,"column":12},"end":{"line":70,"column":12},"skip":true}]},"8":{"line":70,"type":"binary-expr","locations":[{"start":{"line":70,"column":16},"end":{"line":70,"column":22},"skip":true},{"start":{"line":70,"column":27},"end":{"line":70,"column":32},"skip":true},{"start":{"line":71,"column":20},"end":{"line":71,"column":39},"skip":true},{"start":{"line":72,"column":20},"end":{"line":72,"column":49},"skip":true},{"start":{"line":73,"column":20},"end":{"line":73,"column":58},"skip":true},{"start":{"line":74,"column":20},"end":{"line":74,"column":69},"skip":true}]},"9":{"line":79,"type":"switch","locations":[{"start":{"line":80,"column":20},"end":{"line":80,"column":33},"skip":true},{"start":{"line":81,"column":20},"end":{"line":83,"column":30},"skip":true},{"start":{"line":84,"column":20},"end":{"line":85,"column":49},"skip":true}]},"10":{"line":89,"type":"switch","locations":[{"start":{"line":90,"column":12},"end":{"line":103,"column":22},"skip":true},{"start":{"line":105,"column":12},"end":{"line":106,"column":22},"skip":true}]},"11":{"line":89,"type":"binary-expr","locations":[{"start":{"line":89,"column":20},"end":{"line":89,"column":25},"skip":true},{"start":{"line":89,"column":29},"end":{"line":89,"column":48},"skip":true},{"start":{"line":89,"column":52},"end":{"line":89,"column":74},"skip":true}]},"12":{"line":92,"type":"if","locations":[{"start":{"line":92,"column":16},"end":{"line":92,"column":16},"skip":true},{"start":{"line":92,"column":16},"end":{"line":92,"column":16},"skip":true}]},"13":{"line":108,"type":"if","locations":[{"start":{"line":108,"column":12},"end":{"line":108,"column":12},"skip":true},{"start":{"line":108,"column":12},"end":{"line":108,"column":12},"skip":true}]},"14":{"line":108,"type":"binary-expr","locations":[{"start":{"line":108,"column":16},"end":{"line":108,"column":61},"skip":true},{"start":{"line":108,"column":66},"end":{"line":108,"column":72},"skip":true},{"start":{"line":108,"column":77},"end":{"line":108,"column":82},"skip":true},{"start":{"line":109,"column":20},"end":{"line":109,"column":39},"skip":true},{"start":{"line":110,"column":20},"end":{"line":110,"column":49},"skip":true},{"start":{"line":111,"column":20},"end":{"line":111,"column":58},"skip":true},{"start":{"line":112,"column":20},"end":{"line":112,"column":68},"skip":true}]},"15":{"line":129,"type":"if","locations":[{"start":{"line":129,"column":16},"end":{"line":129,"column":16},"skip":true},{"start":{"line":129,"column":16},"end":{"line":129,"column":16},"skip":true}]},"16":{"line":134,"type":"cond-expr","locations":[{"start":{"line":135,"column":26},"end":{"line":135,"column":29},"skip":true},{"start":{"line":136,"column":26},"end":{"line":136,"column":54},"skip":true}]},"17":{"line":164,"type":"binary-expr","locations":[{"start":{"line":164,"column":27},"end":{"line":164,"column":43},"skip":true},{"start":{"line":164,"column":47},"end":{"line":164,"column":49},"skip":true}]},"18":{"line":258,"type":"if","locations":[{"start":{"line":258,"column":8},"end":{"line":258,"column":8},"skip":true},{"start":{"line":258,"column":8},"end":{"line":258,"column":8},"skip":true}]},"19":{"line":275,"type":"switch","locations":[{"start":{"line":276,"column":20},"end":{"line":277,"column":64},"skip":true},{"start":{"line":278,"column":20},"end":{"line":279,"column":40},"skip":true},{"start":{"line":280,"column":20},"end":{"line":281,"column":40},"skip":true},{"start":{"line":282,"column":20},"end":{"line":283,"column":39},"skip":true}]},"20":{"line":288,"type":"if","locations":[{"start":{"line":288,"column":8},"end":{"line":288,"column":8},"skip":true},{"start":{"line":288,"column":8},"end":{"line":288,"column":8},"skip":true}]},"21":{"line":288,"type":"binary-expr","locations":[{"start":{"line":288,"column":12},"end":{"line":288,"column":40},"skip":true},{"start":{"line":288,"column":44},"end":{"line":288,"column":67},"skip":true}]},"22":{"line":292,"type":"binary-expr","locations":[{"start":{"line":292,"column":12},"end":{"line":292,"column":50},"skip":true},{"start":{"line":293,"column":12},"end":{"line":293,"column":53},"skip":true}]},"23":{"line":295,"type":"binary-expr","locations":[{"start":{"line":295,"column":12},"end":{"line":295,"column":70},"skip":true},{"start":{"line":296,"column":12},"end":{"line":301,"column":36},"skip":true}]},"24":{"line":302,"type":"binary-expr","locations":[{"start":{"line":302,"column":43},"end":{"line":302,"column":75},"skip":true},{"start":{"line":302,"column":79},"end":{"line":302,"column":81},"skip":true}]},"25":{"line":305,"type":"if","locations":[{"start":{"line":305,"column":8},"end":{"line":305,"column":8},"skip":true},{"start":{"line":305,"column":8},"end":{"line":305,"column":8},"skip":true}]},"26":{"line":309,"type":"if","locations":[{"start":{"line":309,"column":8},"end":{"line":309,"column":8},"skip":true},{"start":{"line":309,"column":8},"end":{"line":309,"column":8},"skip":true}]},"27":{"line":312,"type":"binary-expr","locations":[{"start":{"line":312,"column":27},"end":{"line":312,"column":43},"skip":true},{"start":{"line":312,"column":47},"end":{"line":312,"column":53},"skip":true}]},"28":{"line":316,"type":"if","locations":[{"start":{"line":316,"column":12},"end":{"line":316,"column":12},"skip":true},{"start":{"line":316,"column":12},"end":{"line":316,"column":12},"skip":true}]}},"code":["/*","example.js","","quickstart example","","instruction","    1. save this script as example.js","    2. run the shell command:","        $ npm install npmtest-react-select && PORT=8081 node example.js","    3. play with the browser-demo on http://127.0.0.1:8081","*/","","","","/* istanbul instrument in package npmtest_react_select */","/*jslint","    bitwise: true,","    browser: true,","    maxerr: 8,","    maxlen: 96,","    node: true,","    nomen: true,","    regexp: true,","    stupid: true","*/","(function () {","    'use strict';","    var local;","","","","    // run shared js-env code - pre-init","    (function () {","        // init local","        local = {};","        // init modeJs","        local.modeJs = (function () {","            try {","                return typeof navigator.userAgent === 'string' &&","                    typeof document.querySelector('body') === 'object' &&","                    typeof XMLHttpRequest.prototype.open === 'function' &&","                    'browser';","            } catch (errorCaughtBrowser) {","                return module.exports &&","                    typeof process.versions.node === 'string' &&","                    typeof require('http').createServer === 'function' &&","                    'node';","            }","        }());","        // init global","        local.global = local.modeJs === 'browser'","            ? window","            : global;","        // init utility2_rollup","        local = local.global.utility2_rollup || (local.modeJs === 'browser'","            ? local.global.utility2_npmtest_react_select","            : global.utility2_moduleExports);","        // export local","        local.global.local = local;","    }());","    switch (local.modeJs) {","","","","    // post-init","    // run browser js-env code - post-init","    /* istanbul ignore next */","    case 'browser':","        local.testRunBrowser = function (event) {","            if (!event || (event &&","                    event.currentTarget &&","                    event.currentTarget.className &&","                    event.currentTarget.className.includes &&","                    event.currentTarget.className.includes('onreset'))) {","                // reset output","                Array.from(","                    document.querySelectorAll('body > .resettable')","                ).forEach(function (element) {","                    switch (element.tagName) {","                    case 'INPUT':","                    case 'TEXTAREA':","                        element.value = '';","                        break;","                    default:","                        element.textContent = '';","                    }","                });","            }","            switch (event && event.currentTarget && event.currentTarget.id) {","            case 'testRunButton1':","                // show tests","                if (document.querySelector('#testReportDiv1').style.display === 'none') {","                    document.querySelector('#testReportDiv1').style.display = 'block';","                    document.querySelector('#testRunButton1').textContent =","                        'hide internal test';","                    local.modeTest = true;","                    local.testRunDefault(local);","                // hide tests","                } else {","                    document.querySelector('#testReportDiv1').style.display = 'none';","                    document.querySelector('#testRunButton1').textContent = 'run internal test';","                }","                break;","            // custom-case","            default:","                break;","            }","            if (document.querySelector('#inputTextareaEval1') && (!event || (event &&","                    event.currentTarget &&","                    event.currentTarget.className &&","                    event.currentTarget.className.includes &&","                    event.currentTarget.className.includes('oneval')))) {","                // try to eval input-code","                try {","                    /*jslint evil: true*/","                    eval(document.querySelector('#inputTextareaEval1').value);","                } catch (errorCaught) {","                    console.error(errorCaught.stack);","                }","            }","        };","        // log stderr and stdout to #outputTextareaStdout1","        ['error', 'log'].forEach(function (key) {","            console[key + '_original'] = console[key];","            console[key] = function () {","                var element;","                console[key + '_original'].apply(console, arguments);","                element = document.querySelector('#outputTextareaStdout1');","                if (!element) {","                    return;","                }","                // append text to #outputTextareaStdout1","                element.value += Array.from(arguments).map(function (arg) {","                    return typeof arg === 'string'","                        ? arg","                        : JSON.stringify(arg, null, 4);","                }).join(' ') + '\\n';","                // scroll textarea to bottom","                element.scrollTop = element.scrollHeight;","            };","        });","        // init event-handling","        ['change', 'click', 'keyup'].forEach(function (event) {","            Array.from(document.querySelectorAll('.on' + event)).forEach(function (element) {","                element.addEventListener(event, local.testRunBrowser);","            });","        });","        // run tests","        local.testRunBrowser();","        break;","","","","    // run node js-env code - post-init","    /* istanbul ignore next */","    case 'node':","        // export local","        module.exports = local;","        // require modules","        local.fs = require('fs');","        local.http = require('http');","        local.url = require('url');","        // init assets","        local.assetsDict = local.assetsDict || {};","        /* jslint-ignore-begin */","        local.assetsDict['/assets.index.template.html'] = '\\","<!doctype html>\\n\\","<html lang=\"en\">\\n\\","<head>\\n\\","<meta charset=\"UTF-8\">\\n\\","<meta name=\"viewport\" content=\"width=device-width, initial-scale=1\">\\n\\","<title>{{env.npm_package_name}} (v{{env.npm_package_version}})</title>\\n\\","<style>\\n\\","/*csslint\\n\\","    box-sizing: false,\\n\\","    universal-selector: false\\n\\","*/\\n\\","* {\\n\\","    box-sizing: border-box;\\n\\","}\\n\\","body {\\n\\","    background: #dde;\\n\\","    font-family: Arial, Helvetica, sans-serif;\\n\\","    margin: 2rem;\\n\\","}\\n\\","body > * {\\n\\","    margin-bottom: 1rem;\\n\\","}\\n\\",".utility2FooterDiv {\\n\\","    margin-top: 20px;\\n\\","    text-align: center;\\n\\","}\\n\\","</style>\\n\\","<style>\\n\\","/*csslint\\n\\","*/\\n\\","textarea {\\n\\","    font-family: monospace;\\n\\","    height: 10rem;\\n\\","    width: 100%;\\n\\","}\\n\\","textarea[readonly] {\\n\\","    background: #ddd;\\n\\","}\\n\\","</style>\\n\\","</head>\\n\\","<body>\\n\\","<!-- utility2-comment\\n\\","<div id=\"ajaxProgressDiv1\" style=\"background: #d00; height: 2px; left: 0; margin: 0; padding: 0; position: fixed; top: 0; transition: background 0.5s, width 1.5s; width: 25%;\"></div>\\n\\","utility2-comment -->\\n\\","<h1>\\n\\","<!-- utility2-comment\\n\\","    <a\\n\\","        {{#if env.npm_package_homepage}}\\n\\","        href=\"{{env.npm_package_homepage}}\"\\n\\","        {{/if env.npm_package_homepage}}\\n\\","        target=\"_blank\"\\n\\","    >\\n\\","utility2-comment -->\\n\\","        {{env.npm_package_name}} (v{{env.npm_package_version}})\\n\\","<!-- utility2-comment\\n\\","    </a>\\n\\","utility2-comment -->\\n\\","</h1>\\n\\","<h3>{{env.npm_package_description}}</h3>\\n\\","<!-- utility2-comment\\n\\","<h4><a download href=\"assets.app.js\">download standalone app</a></h4>\\n\\","<button class=\"onclick onreset\" id=\"testRunButton1\">run internal test</button><br>\\n\\","<div id=\"testReportDiv1\" style=\"display: none;\"></div>\\n\\","utility2-comment -->\\n\\","\\n\\","\\n\\","\\n\\","<label>stderr and stdout</label>\\n\\","<textarea class=\"resettable\" id=\"outputTextareaStdout1\" readonly></textarea>\\n\\","<!-- utility2-comment\\n\\","{{#if isRollup}}\\n\\","<script src=\"assets.app.js\"></script>\\n\\","{{#unless isRollup}}\\n\\","utility2-comment -->\\n\\","<script src=\"assets.utility2.rollup.js\"></script>\\n\\","<script src=\"jsonp.utility2._stateInit?callback=window.utility2._stateInit\"></script>\\n\\","<script src=\"assets.npmtest_react_select.rollup.js\"></script>\\n\\","<script src=\"assets.example.js\"></script>\\n\\","<script src=\"assets.test.js\"></script>\\n\\","<!-- utility2-comment\\n\\","{{/if isRollup}}\\n\\","utility2-comment -->\\n\\","<div class=\"utility2FooterDiv\">\\n\\","    [ this app was created with\\n\\","    <a href=\"https://github.com/kaizhu256/node-utility2\" target=\"_blank\">utility2</a>\\n\\","    ]\\n\\","</div>\\n\\","</body>\\n\\","</html>\\n\\","';","        /* jslint-ignore-end */","        if (local.templateRender) {","            local.assetsDict['/'] = local.templateRender(","                local.assetsDict['/assets.index.template.html'],","                {","                    env: local.objectSetDefault(local.env, {","                        npm_package_description: 'the greatest app in the world!',","                        npm_package_name: 'my-app',","                        npm_package_nameAlias: 'my_app',","                        npm_package_version: '0.0.1'","                    })","                }","            );","        } else {","            local.assetsDict['/'] = local.assetsDict['/assets.index.template.html']","                .replace((/\\{\\{env\\.(\\w+?)\\}\\}/g), function (match0, match1) {","                    // jslint-hack","                    String(match0);","                    switch (match1) {","                    case 'npm_package_description':","                        return 'the greatest app in the world!';","                    case 'npm_package_name':","                        return 'my-app';","                    case 'npm_package_nameAlias':","                        return 'my_app';","                    case 'npm_package_version':","                        return '0.0.1';","                    }","                });","        }","        // run the cli","        if (local.global.utility2_rollup || module !== require.main) {","            break;","        }","        local.assetsDict['/assets.example.js'] =","            local.assetsDict['/assets.example.js'] ||","            local.fs.readFileSync(__filename, 'utf8');","        local.assetsDict['/assets.npmtest_react_select.rollup.js'] =","            local.assetsDict['/assets.npmtest_react_select.rollup.js'] ||","            local.fs.readFileSync(","                // buildCustomOrg-hack","                local.npmtest_react_select.__dirname +","                    '/lib.npmtest_react_select.js',","                'utf8'","            ).replace((/^#!/), '//');","        local.assetsDict['/favicon.ico'] = local.assetsDict['/favicon.ico'] || '';","        // if $npm_config_timeout_exit exists,","        // then exit this process after $npm_config_timeout_exit ms","        if (Number(process.env.npm_config_timeout_exit)) {","            setTimeout(process.exit, Number(process.env.npm_config_timeout_exit));","        }","        // start server","        if (local.global.utility2_serverHttp1) {","            break;","        }","        process.env.PORT = process.env.PORT || '8081';","        console.error('server starting on port ' + process.env.PORT);","        local.http.createServer(function (request, response) {","            request.urlParsed = local.url.parse(request.url);","            if (local.assetsDict[request.urlParsed.pathname] !== undefined) {","                response.end(local.assetsDict[request.urlParsed.pathname]);","                return;","            }","            response.statusCode = 404;","            response.end();","        }).listen(process.env.PORT);","        break;","    }","}());",""],"l":{"26":2,"28":2,"33":2,"35":2,"37":2,"38":2,"39":2,"44":1,"51":2,"55":2,"59":2,"61":2,"69":1,"70":2,"76":2,"79":2,"82":2,"83":2,"85":1,"89":2,"92":1,"93":1,"94":1,"96":1,"97":1,"100":1,"101":1,"103":1,"106":1,"108":2,"114":1,"116":1,"118":1,"123":1,"124":2,"125":2,"126":2,"127":2,"128":2,"129":2,"130":1,"133":2,"134":2,"139":2,"143":1,"144":3,"145":1,"149":1,"150":1,"158":1,"160":1,"161":1,"162":1,"164":1,"166":1,"258":1,"259":1,"271":1,"274":6,"275":6,"277":1,"279":2,"281":1,"283":2,"288":1,"289":1,"291":1,"294":1,"302":1,"305":1,"306":1,"309":1,"310":1,"312":1,"313":1,"314":1,"315":1,"316":1,"317":1,"318":1,"320":1,"321":1,"323":1}},"/home/travis/build/npmtest/node-npmtest-react-select/react-select/lib/Select.js":{"path":"/home/travis/build/npmtest/node-npmtest-react-select/react-select/lib/Select.js","s":{"1":1,"2":0,"3":0,"4":0,"5":0,"6":0,"7":0,"8":1,"9":0,"10":0,"11":0,"12":0,"13":1,"14":1,"15":1,"16":1,"17":1,"18":1,"19":1,"20":1,"21":1,"22":1,"23":0,"24":0,"25":0,"26":0,"27":0,"28":0,"29":0,"30":0,"31":0,"32":0,"33":0,"34":0,"35":0,"36":0,"37":0,"38":0,"39":0,"40":0,"41":0,"42":0,"43":0,"44":0,"45":0,"46":0,"47":0,"48":0,"49":0,"50":0,"51":0,"52":0,"53":0,"54":0,"55":0,"56":0,"57":0,"58":0,"59":0,"60":0,"61":0,"62":0,"63":0,"64":0,"65":0,"66":0,"67":0,"68":0,"69":0,"70":0,"71":0,"72":0,"73":0,"74":0,"75":0,"76":0,"77":0,"78":0,"79":0,"80":0,"81":0,"82":0,"83":0,"84":0,"85":0,"86":0,"87":0,"88":0,"89":0,"90":0,"91":0,"92":0,"93":0,"94":0,"95":0,"96":0,"97":0,"98":0,"99":0,"100":0,"101":0,"102":0,"103":0,"104":0,"105":0,"106":0,"107":0,"108":0,"109":0,"110":0,"111":0,"112":0,"113":0,"114":0,"115":0,"116":0,"117":0,"118":0,"119":0,"120":0,"121":0,"122":0,"123":0,"124":0,"125":0,"126":0,"127":0,"128":0,"129":0,"130":0,"131":0,"132":0,"133":0,"134":0,"135":0,"136":0,"137":0,"138":0,"139":0,"140":0,"141":0,"142":0,"143":0,"144":0,"145":0,"146":0,"147":0,"148":0,"149":0,"150":0,"151":0,"152":0,"153":0,"154":0,"155":0,"156":0,"157":0,"158":0,"159":0,"160":0,"161":0,"162":0,"163":0,"164":0,"165":0,"166":0,"167":0,"168":0,"169":0,"170":0,"171":0,"172":0,"173":0,"174":0,"175":0,"176":0,"177":0,"178":0,"179":0,"180":0,"181":0,"182":0,"183":0,"184":0,"185":0,"186":0,"187":0,"188":0,"189":0,"190":0,"191":0,"192":0,"193":0,"194":0,"195":0,"196":0,"197":0,"198":0,"199":0,"200":0,"201":0,"202":0,"203":0,"204":0,"205":0,"206":0,"207":0,"208":0,"209":0,"210":0,"211":0,"212":0,"213":0,"214":0,"215":0,"216":0,"217":0,"218":0,"219":0,"220":0,"221":0,"222":0,"223":0,"224":0,"225":0,"226":0,"227":0,"228":0,"229":0,"230":0,"231":0,"232":0,"233":0,"234":0,"235":0,"236":0,"237":0,"238":0,"239":0,"240":0,"241":0,"242":0,"243":0,"244":0,"245":0,"246":0,"247":0,"248":0,"249":0,"250":0,"251":0,"252":0,"253":0,"254":0,"255":0,"256":0,"257":0,"258":0,"259":0,"260":0,"261":0,"262":0,"263":0,"264":0,"265":0,"266":0,"267":0,"268":0,"269":0,"270":0,"271":0,"272":0,"273":0,"274":0,"275":0,"276":0,"277":0,"278":0,"279":0,"280":0,"281":0,"282":0,"283":0,"284":0,"285":0,"286":0,"287":0,"288":0,"289":0,"290":0,"291":0,"292":0,"293":0,"294":0,"295":0,"296":0,"297":0,"298":0,"299":0,"300":0,"301":0,"302":0,"303":0,"304":0,"305":0,"306":0,"307":0,"308":0,"309":0,"310":0,"311":0,"312":0,"313":0,"314":0,"315":0,"316":0,"317":0,"318":0,"319":0,"320":0,"321":0,"322":0,"323":0,"324":0,"325":0,"326":0,"327":0,"328":0,"329":0,"330":0,"331":0,"332":0,"333":0,"334":0,"335":0,"336":0,"337":0,"338":0,"339":0,"340":0,"341":0,"342":0,"343":0,"344":0,"345":0,"346":0,"347":0,"348":0,"349":0,"350":0,"351":0,"352":0,"353":0,"354":0,"355":0,"356":0,"357":0,"358":0,"359":0,"360":0,"361":0,"362":0,"363":0,"364":0,"365":0,"366":0,"367":0,"368":0,"369":0,"370":0,"371":0,"372":0,"373":0,"374":0,"375":0,"376":0,"377":0,"378":0,"379":0,"380":0,"381":0,"382":0,"383":0,"384":0,"385":0,"386":0,"387":0,"388":0,"389":0,"390":1},"b":{"1":[1,0],"2":[0,0],"3":[0,0],"4":[0,0],"5":[0,0],"6":[0,0],"7":[0,0],"8":[0,0],"9":[0,0],"10":[0,0],"11":[0,0],"12":[0,0],"13":[0,0],"14":[0,0],"15":[0,0],"16":[0,0,0],"17":[0,0,0],"18":[0,0],"19":[0,0],"20":[0,0],"21":[0,0],"22":[0,0],"23":[0,0],"24":[0,0],"25":[0,0],"26":[0,0],"27":[0,0],"28":[0,0],"29":[0,0],"30":[0,0],"31":[0,0],"32":[0,0],"33":[0,0],"34":[0,0],"35":[0,0],"36":[0,0],"37":[0,0],"38":[0,0],"39":[0,0],"40":[0,0],"41":[0,0],"42":[0,0],"43":[0,0],"44":[0,0],"45":[0,0,0,0,0],"46":[0,0],"47":[0,0],"48":[0,0],"49":[0,0],"50":[0,0],"51":[0,0,0],"52":[0,0],"53":[0,0],"54":[0,0],"55":[0,0],"56":[0,0],"57":[0,0,0],"58":[0,0],"59":[0,0],"60":[0,0],"61":[0,0],"62":[0,0,0],"63":[0,0],"64":[0,0,0],"65":[0,0],"66":[0,0],"67":[0,0],"68":[0,0],"69":[0,0],"70":[0,0],"71":[0,0],"72":[0,0],"73":[0,0],"74":[0,0,0,0,0,0,0,0],"75":[0,0],"76":[0,0],"77":[0,0],"78":[0,0,0],"79":[0,0],"80":[0,0],"81":[0,0],"82":[0,0],"83":[0,0],"84":[0,0],"85":[0,0],"86":[0,0],"87":[0,0],"88":[0,0],"89":[0,0],"90":[0,0],"91":[0,0,0],"92":[0,0],"93":[0,0],"94":[0,0],"95":[0,0],"96":[0,0],"97":[0,0],"98":[0,0],"99":[0,0],"100":[0,0],"101":[0,0],"102":[0,0],"103":[0,0],"104":[0,0],"105":[0,0],"106":[0,0],"107":[0,0],"108":[0,0],"109":[0,0,0,0],"110":[0,0,0,0],"111":[0,0],"112":[0,0],"113":[0,0],"114":[0,0],"115":[0,0],"116":[0,0],"117":[0,0],"118":[0,0],"119":[0,0],"120":[0,0],"121":[0,0,0],"122":[0,0],"123":[0,0],"124":[0,0],"125":[0,0],"126":[0,0],"127":[0,0],"128":[0,0],"129":[0,0],"130":[0,0],"131":[0,0],"132":[0,0],"133":[0,0],"134":[0,0],"135":[0,0],"136":[0,0],"137":[0,0],"138":[0,0],"139":[0,0],"140":[0,0],"141":[0,0],"142":[0,0,0],"143":[0,0],"144":[0,0],"145":[0,0],"146":[0,0],"147":[0,0],"148":[0,0,0,0],"149":[0,0],"150":[0,0],"151":[0,0],"152":[0,0],"153":[0,0],"154":[0,0],"155":[0,0],"156":[0,0],"157":[0,0],"158":[0,0],"159":[0,0]},"f":{"1":0,"2":0,"3":1,"4":0,"5":0,"6":0,"7":0,"8":0,"9":0,"10":0,"11":0,"12":0,"13":0,"14":0,"15":0,"16":0,"17":0,"18":0,"19":0,"20":0,"21":0,"22":0,"23":0,"24":0,"25":0,"26":0,"27":0,"28":0,"29":0,"30":0,"31":0,"32":0,"33":0,"34":0,"35":0,"36":0,"37":0,"38":0,"39":0,"40":0,"41":0,"42":0,"43":0,"44":0,"45":0,"46":0,"47":0,"48":0,"49":0,"50":0,"51":0,"52":0,"53":0,"54":0,"55":0,"56":0,"57":0,"58":0,"59":0,"60":0,"61":0,"62":0,"63":0,"64":0},"fnMap":{"1":{"name":"(anonymous_1)","line":7,"loc":{"start":{"line":7,"column":32},"end":{"line":7,"column":50}}},"2":{"name":"_defineProperty","line":9,"loc":{"start":{"line":9,"column":0},"end":{"line":9,"column":42}}},"3":{"name":"getDefaultProps","line":69,"loc":{"start":{"line":69,"column":18},"end":{"line":69,"column":45}}},"4":{"name":"getInitialState","line":108,"loc":{"start":{"line":108,"column":18},"end":{"line":108,"column":45}}},"5":{"name":"componentWillMount","line":126,"loc":{"start":{"line":126,"column":21},"end":{"line":126,"column":51}}},"6":{"name":"(anonymous_6)","line":131,"loc":{"start":{"line":131,"column":36},"end":{"line":131,"column":53}}},"7":{"name":"(anonymous_7)","line":148,"loc":{"start":{"line":148,"column":40},"end":{"line":148,"column":52}}},"8":{"name":"(anonymous_8)","line":155,"loc":{"start":{"line":155,"column":42},"end":{"line":155,"column":54}}},"9":{"name":"componentDidMount","line":165,"loc":{"start":{"line":165,"column":20},"end":{"line":165,"column":49}}},"10":{"name":"componentWillUnmount","line":171,"loc":{"start":{"line":171,"column":23},"end":{"line":171,"column":55}}},"11":{"name":"componentWillReceiveProps","line":179,"loc":{"start":{"line":179,"column":28},"end":{"line":179,"column":73}}},"12":{"name":"setState","line":191,"loc":{"start":{"line":191,"column":18},"end":{"line":191,"column":46}}},"13":{"name":"componentDidUpdate","line":202,"loc":{"start":{"line":202,"column":21},"end":{"line":202,"column":51}}},"14":{"name":"(anonymous_14)","line":208,"loc":{"start":{"line":208,"column":35},"end":{"line":208,"column":47}}},"15":{"name":"focus","line":229,"loc":{"start":{"line":229,"column":8},"end":{"line":229,"column":25}}},"16":{"name":"clickedOutsideElement","line":233,"loc":{"start":{"line":233,"column":24},"end":{"line":233,"column":71}}},"17":{"name":"getStateFromValue","line":242,"loc":{"start":{"line":242,"column":20},"end":{"line":242,"column":76}}},"18":{"name":"(anonymous_18)","line":265,"loc":{"start":{"line":265,"column":30},"end":{"line":265,"column":43}}},"19":{"name":"getFirstFocusableOption","line":280,"loc":{"start":{"line":280,"column":26},"end":{"line":280,"column":68}}},"20":{"name":"initValuesArray","line":288,"loc":{"start":{"line":288,"column":18},"end":{"line":288,"column":60}}},"21":{"name":"(anonymous_21)","line":298,"loc":{"start":{"line":298,"column":20},"end":{"line":298,"column":35}}},"22":{"name":"setValue","line":314,"loc":{"start":{"line":314,"column":11},"end":{"line":314,"column":54}}},"23":{"name":"selectValue","line":324,"loc":{"start":{"line":324,"column":14},"end":{"line":324,"column":42}}},"24":{"name":"addValue","line":333,"loc":{"start":{"line":333,"column":11},"end":{"line":333,"column":36}}},"25":{"name":"popValue","line":337,"loc":{"start":{"line":337,"column":11},"end":{"line":337,"column":31}}},"26":{"name":"removeValue","line":341,"loc":{"start":{"line":341,"column":14},"end":{"line":341,"column":50}}},"27":{"name":"(anonymous_27)","line":342,"loc":{"start":{"line":342,"column":41},"end":{"line":342,"column":58}}},"28":{"name":"clearValue","line":347,"loc":{"start":{"line":347,"column":13},"end":{"line":347,"column":40}}},"29":{"name":"resetValue","line":358,"loc":{"start":{"line":358,"column":13},"end":{"line":358,"column":35}}},"30":{"name":"getInputNode","line":362,"loc":{"start":{"line":362,"column":15},"end":{"line":362,"column":39}}},"31":{"name":"fireChangeEvent","line":367,"loc":{"start":{"line":367,"column":18},"end":{"line":367,"column":53}}},"32":{"name":"handleMouseDown","line":373,"loc":{"start":{"line":373,"column":18},"end":{"line":373,"column":50}}},"33":{"name":"handleMouseDownOnMenu","line":400,"loc":{"start":{"line":400,"column":24},"end":{"line":400,"column":62}}},"34":{"name":"handleMouseDownOnArrow","line":410,"loc":{"start":{"line":410,"column":25},"end":{"line":410,"column":64}}},"35":{"name":"handleInputFocus","line":427,"loc":{"start":{"line":427,"column":19},"end":{"line":427,"column":52}}},"36":{"name":"(anonymous_36)","line":434,"loc":{"start":{"line":434,"column":5},"end":{"line":434,"column":17}}},"37":{"name":"handleInputBlur","line":447,"loc":{"start":{"line":447,"column":18},"end":{"line":447,"column":50}}},"38":{"name":"(anonymous_38)","line":454,"loc":{"start":{"line":454,"column":33},"end":{"line":454,"column":45}}},"39":{"name":"handleKeyDown","line":467,"loc":{"start":{"line":467,"column":16},"end":{"line":467,"column":46}}},"40":{"name":"_getNewFocusedOption","line":523,"loc":{"start":{"line":523,"column":23},"end":{"line":523,"column":70}}},"41":{"name":"handleInputChange","line":532,"loc":{"start":{"line":532,"column":20},"end":{"line":532,"column":54}}},"42":{"name":"autoloadAsyncOptions","line":559,"loc":{"start":{"line":559,"column":23},"end":{"line":559,"column":55}}},"43":{"name":"(anonymous_43)","line":565,"loc":{"start":{"line":565,"column":50},"end":{"line":565,"column":62}}},"44":{"name":"loadAsyncOptions","line":571,"loc":{"start":{"line":571,"column":19},"end":{"line":571,"column":69}}},"45":{"name":"optionsResponseHandler","line":600,"loc":{"start":{"line":600,"column":31},"end":{"line":600,"column":74}}},"46":{"name":"(anonymous_46)","line":626,"loc":{"start":{"line":626,"column":18},"end":{"line":626,"column":34}}},"47":{"name":"(anonymous_47)","line":628,"loc":{"start":{"line":628,"column":6},"end":{"line":628,"column":21}}},"48":{"name":"filterOptions","line":634,"loc":{"start":{"line":634,"column":16},"end":{"line":634,"column":56}}},"49":{"name":"(anonymous_49)","line":638,"loc":{"start":{"line":638,"column":50},"end":{"line":638,"column":63}}},"50":{"name":"filterOption","line":644,"loc":{"start":{"line":644,"column":22},"end":{"line":644,"column":48}}},"51":{"name":"selectFocusedOption","line":660,"loc":{"start":{"line":660,"column":22},"end":{"line":660,"column":53}}},"52":{"name":"focusOption","line":670,"loc":{"start":{"line":670,"column":14},"end":{"line":670,"column":39}}},"53":{"name":"focusNextOption","line":676,"loc":{"start":{"line":676,"column":18},"end":{"line":676,"column":45}}},"54":{"name":"focusPreviousOption","line":680,"loc":{"start":{"line":680,"column":22},"end":{"line":680,"column":53}}},"55":{"name":"focusAdjacentOption","line":684,"loc":{"start":{"line":684,"column":22},"end":{"line":684,"column":56}}},"56":{"name":"(anonymous_56)","line":686,"loc":{"start":{"line":686,"column":46},"end":{"line":686,"column":60}}},"57":{"name":"unfocusOption","line":722,"loc":{"start":{"line":722,"column":16},"end":{"line":722,"column":43}}},"58":{"name":"renderOptionLabel","line":730,"loc":{"start":{"line":730,"column":20},"end":{"line":730,"column":51}}},"59":{"name":"buildMenu","line":734,"loc":{"start":{"line":734,"column":12},"end":{"line":734,"column":33}}},"60":{"name":"(anonymous_60)","line":752,"loc":{"start":{"line":752,"column":37},"end":{"line":752,"column":52}}},"61":{"name":"handleOptionLabelClick","line":800,"loc":{"start":{"line":800,"column":25},"end":{"line":800,"column":71}}},"62":{"name":"isLoading","line":806,"loc":{"start":{"line":806,"column":12},"end":{"line":806,"column":33}}},"63":{"name":"render","line":810,"loc":{"start":{"line":810,"column":9},"end":{"line":810,"column":27}}},"64":{"name":"(anonymous_64)","line":822,"loc":{"start":{"line":822,"column":29},"end":{"line":822,"column":44}}}},"statementMap":{"1":{"start":{"line":7,"column":0},"end":{"line":7,"column":257}},"2":{"start":{"line":7,"column":52},"end":{"line":7,"column":239}},"3":{"start":{"line":7,"column":97},"end":{"line":7,"column":123}},"4":{"start":{"line":7,"column":124},"end":{"line":7,"column":237}},"5":{"start":{"line":7,"column":150},"end":{"line":7,"column":235}},"6":{"start":{"line":7,"column":207},"end":{"line":7,"column":233}},"7":{"start":{"line":7,"column":240},"end":{"line":7,"column":254}},"8":{"start":{"line":9,"column":0},"end":{"line":9,"column":209}},"9":{"start":{"line":9,"column":44},"end":{"line":9,"column":195}},"10":{"start":{"line":9,"column":62},"end":{"line":9,"column":166}},"11":{"start":{"line":9,"column":176},"end":{"line":9,"column":193}},"12":{"start":{"line":9,"column":196},"end":{"line":9,"column":207}},"13":{"start":{"line":11,"column":0},"end":{"line":11,"column":29}},"14":{"start":{"line":12,"column":0},"end":{"line":12,"column":36}},"15":{"start":{"line":13,"column":0},"end":{"line":13,"column":44}},"16":{"start":{"line":14,"column":0},"end":{"line":14,"column":36}},"17":{"start":{"line":15,"column":0},"end":{"line":15,"column":31}},"18":{"start":{"line":16,"column":0},"end":{"line":16,"column":43}},"19":{"start":{"line":17,"column":0},"end":{"line":17,"column":33}},"20":{"start":{"line":19,"column":0},"end":{"line":19,"column":18}},"21":{"start":{"line":21,"column":0},"end":{"line":945,"column":3}},"22":{"start":{"line":70,"column":2},"end":{"line":105,"column":4}},"23":{"start":{"line":109,"column":2},"end":{"line":123,"column":4}},"24":{"start":{"line":127,"column":2},"end":{"line":127,"column":19}},"25":{"start":{"line":129,"column":2},"end":{"line":129,"column":26}},"26":{"start":{"line":130,"column":2},"end":{"line":130,"column":33}},"27":{"start":{"line":131,"column":2},"end":{"line":147,"column":4}},"28":{"start":{"line":132,"column":3},"end":{"line":134,"column":4}},"29":{"start":{"line":133,"column":4},"end":{"line":133,"column":11}},"30":{"start":{"line":135,"column":3},"end":{"line":135,"column":71}},"31":{"start":{"line":136,"column":3},"end":{"line":136,"column":62}},"32":{"start":{"line":138,"column":3},"end":{"line":138,"column":78}},"33":{"start":{"line":139,"column":3},"end":{"line":139,"column":84}},"34":{"start":{"line":142,"column":3},"end":{"line":146,"column":4}},"35":{"start":{"line":143,"column":4},"end":{"line":145,"column":47}},"36":{"start":{"line":148,"column":2},"end":{"line":154,"column":4}},"37":{"start":{"line":149,"column":3},"end":{"line":153,"column":4}},"38":{"start":{"line":150,"column":4},"end":{"line":150,"column":70}},"39":{"start":{"line":152,"column":4},"end":{"line":152,"column":73}},"40":{"start":{"line":155,"column":2},"end":{"line":161,"column":4}},"41":{"start":{"line":156,"column":3},"end":{"line":160,"column":4}},"42":{"start":{"line":157,"column":4},"end":{"line":157,"column":70}},"43":{"start":{"line":159,"column":4},"end":{"line":159,"column":76}},"44":{"start":{"line":162,"column":2},"end":{"line":162,"column":58}},"45":{"start":{"line":166,"column":2},"end":{"line":168,"column":3}},"46":{"start":{"line":167,"column":3},"end":{"line":167,"column":31}},"47":{"start":{"line":172,"column":2},"end":{"line":172,"column":34}},"48":{"start":{"line":173,"column":2},"end":{"line":173,"column":35}},"49":{"start":{"line":174,"column":2},"end":{"line":176,"column":3}},"50":{"start":{"line":175,"column":3},"end":{"line":175,"column":43}},"51":{"start":{"line":180,"column":2},"end":{"line":180,"column":20}},"52":{"start":{"line":182,"column":2},"end":{"line":182,"column":29}},"53":{"start":{"line":183,"column":2},"end":{"line":189,"column":3}},"54":{"start":{"line":184,"column":3},"end":{"line":184,"column":25}},"55":{"start":{"line":185,"column":3},"end":{"line":188,"column":6}},"56":{"start":{"line":190,"column":2},"end":{"line":199,"column":3}},"57":{"start":{"line":191,"column":3},"end":{"line":193,"column":5}},"58":{"start":{"line":192,"column":4},"end":{"line":192,"column":134}},"59":{"start":{"line":194,"column":3},"end":{"line":198,"column":4}},"60":{"start":{"line":195,"column":4},"end":{"line":195,"column":56}},"61":{"start":{"line":197,"column":4},"end":{"line":197,"column":15}},"62":{"start":{"line":203,"column":2},"end":{"line":203,"column":20}},"63":{"start":{"line":205,"column":2},"end":{"line":213,"column":3}},"64":{"start":{"line":206,"column":3},"end":{"line":206,"column":35}},"65":{"start":{"line":207,"column":3},"end":{"line":207,"column":36}},"66":{"start":{"line":208,"column":3},"end":{"line":212,"column":10}},"67":{"start":{"line":209,"column":4},"end":{"line":209,"column":36}},"68":{"start":{"line":209,"column":29},"end":{"line":209,"column":36}},"69":{"start":{"line":210,"column":4},"end":{"line":210,"column":34}},"70":{"start":{"line":211,"column":4},"end":{"line":211,"column":37}},"71":{"start":{"line":214,"column":2},"end":{"line":226,"column":3}},"72":{"start":{"line":215,"column":3},"end":{"line":224,"column":4}},"73":{"start":{"line":216,"column":4},"end":{"line":216,"column":61}},"74":{"start":{"line":217,"column":4},"end":{"line":217,"column":55}},"75":{"start":{"line":218,"column":4},"end":{"line":218,"column":57}},"76":{"start":{"line":219,"column":4},"end":{"line":219,"column":51}},"77":{"start":{"line":221,"column":4},"end":{"line":223,"column":5}},"78":{"start":{"line":222,"column":5},"end":{"line":222,"column":95}},"79":{"start":{"line":225,"column":3},"end":{"line":225,"column":37}},"80":{"start":{"line":230,"column":2},"end":{"line":230,"column":30}},"81":{"start":{"line":234,"column":2},"end":{"line":234,"column":67}},"82":{"start":{"line":235,"column":2},"end":{"line":238,"column":3}},"83":{"start":{"line":236,"column":3},"end":{"line":236,"column":45}},"84":{"start":{"line":236,"column":32},"end":{"line":236,"column":45}},"85":{"start":{"line":237,"column":3},"end":{"line":237,"column":42}},"86":{"start":{"line":239,"column":2},"end":{"line":239,"column":14}},"87":{"start":{"line":243,"column":2},"end":{"line":243,"column":20}},"88":{"start":{"line":245,"column":2},"end":{"line":247,"column":3}},"89":{"start":{"line":246,"column":3},"end":{"line":246,"column":32}},"90":{"start":{"line":248,"column":2},"end":{"line":250,"column":3}},"91":{"start":{"line":249,"column":3},"end":{"line":249,"column":40}},"92":{"start":{"line":253,"column":2},"end":{"line":253,"column":33}},"93":{"start":{"line":255,"column":2},"end":{"line":255,"column":52}},"94":{"start":{"line":256,"column":2},"end":{"line":256,"column":60}},"95":{"start":{"line":258,"column":2},"end":{"line":258,"column":20}},"96":{"start":{"line":259,"column":2},"end":{"line":259,"column":27}},"97":{"start":{"line":260,"column":2},"end":{"line":268,"column":3}},"98":{"start":{"line":261,"column":3},"end":{"line":261,"column":29}},"99":{"start":{"line":262,"column":3},"end":{"line":262,"column":50}},"100":{"start":{"line":264,"column":3},"end":{"line":264,"column":65}},"101":{"start":{"line":265,"column":3},"end":{"line":267,"column":33}},"102":{"start":{"line":266,"column":4},"end":{"line":266,"column":36}},"103":{"start":{"line":270,"column":2},"end":{"line":277,"column":4}},"104":{"start":{"line":281,"column":2},"end":{"line":285,"column":3}},"105":{"start":{"line":282,"column":3},"end":{"line":284,"column":4}},"106":{"start":{"line":283,"column":4},"end":{"line":283,"column":32}},"107":{"start":{"line":289,"column":2},"end":{"line":289,"column":20}},"108":{"start":{"line":291,"column":2},"end":{"line":297,"column":3}},"109":{"start":{"line":292,"column":3},"end":{"line":296,"column":4}},"110":{"start":{"line":293,"column":4},"end":{"line":293,"column":99}},"111":{"start":{"line":295,"column":4},"end":{"line":295,"column":69}},"112":{"start":{"line":298,"column":2},"end":{"line":311,"column":5}},"113":{"start":{"line":299,"column":3},"end":{"line":310,"column":4}},"114":{"start":{"line":300,"column":4},"end":{"line":300,"column":13}},"115":{"start":{"line":302,"column":4},"end":{"line":306,"column":5}},"116":{"start":{"line":303,"column":5},"end":{"line":305,"column":6}},"117":{"start":{"line":304,"column":6},"end":{"line":304,"column":26}},"118":{"start":{"line":307,"column":4},"end":{"line":307,"column":129}},"119":{"start":{"line":309,"column":4},"end":{"line":309,"column":15}},"120":{"start":{"line":315,"column":2},"end":{"line":317,"column":3}},"121":{"start":{"line":316,"column":3},"end":{"line":316,"column":33}},"122":{"start":{"line":318,"column":2},"end":{"line":318,"column":47}},"123":{"start":{"line":319,"column":2},"end":{"line":319,"column":26}},"124":{"start":{"line":320,"column":2},"end":{"line":320,"column":33}},"125":{"start":{"line":321,"column":2},"end":{"line":321,"column":26}},"126":{"start":{"line":325,"column":2},"end":{"line":329,"column":3}},"127":{"start":{"line":326,"column":3},"end":{"line":326,"column":24}},"128":{"start":{"line":327,"column":9},"end":{"line":329,"column":3}},"129":{"start":{"line":328,"column":3},"end":{"line":328,"column":24}},"130":{"start":{"line":330,"column":2},"end":{"line":330,"column":42}},"131":{"start":{"line":334,"column":2},"end":{"line":334,"column":49}},"132":{"start":{"line":338,"column":2},"end":{"line":338,"column":74}},"133":{"start":{"line":342,"column":2},"end":{"line":344,"column":6}},"134":{"start":{"line":343,"column":3},"end":{"line":343,"column":34}},"135":{"start":{"line":350,"column":2},"end":{"line":352,"column":3}},"136":{"start":{"line":351,"column":3},"end":{"line":351,"column":10}},"137":{"start":{"line":353,"column":2},"end":{"line":353,"column":26}},"138":{"start":{"line":354,"column":2},"end":{"line":354,"column":25}},"139":{"start":{"line":355,"column":2},"end":{"line":355,"column":22}},"140":{"start":{"line":359,"column":2},"end":{"line":359,"column":67}},"141":{"start":{"line":363,"column":2},"end":{"line":363,"column":30}},"142":{"start":{"line":364,"column":2},"end":{"line":364,"column":69}},"143":{"start":{"line":368,"column":2},"end":{"line":370,"column":3}},"144":{"start":{"line":369,"column":3},"end":{"line":369,"column":56}},"145":{"start":{"line":376,"column":2},"end":{"line":378,"column":3}},"146":{"start":{"line":377,"column":3},"end":{"line":377,"column":10}},"147":{"start":{"line":379,"column":2},"end":{"line":379,"column":26}},"148":{"start":{"line":380,"column":2},"end":{"line":380,"column":25}},"149":{"start":{"line":383,"column":2},"end":{"line":388,"column":3}},"150":{"start":{"line":384,"column":3},"end":{"line":386,"column":45}},"151":{"start":{"line":387,"column":3},"end":{"line":387,"column":10}},"152":{"start":{"line":390,"column":2},"end":{"line":397,"column":3}},"153":{"start":{"line":391,"column":3},"end":{"line":393,"column":43}},"154":{"start":{"line":395,"column":3},"end":{"line":395,"column":31}},"155":{"start":{"line":396,"column":3},"end":{"line":396,"column":31}},"156":{"start":{"line":403,"column":2},"end":{"line":405,"column":3}},"157":{"start":{"line":404,"column":3},"end":{"line":404,"column":10}},"158":{"start":{"line":406,"column":2},"end":{"line":406,"column":26}},"159":{"start":{"line":407,"column":2},"end":{"line":407,"column":25}},"160":{"start":{"line":413,"column":2},"end":{"line":415,"column":3}},"161":{"start":{"line":414,"column":3},"end":{"line":414,"column":10}},"162":{"start":{"line":417,"column":2},"end":{"line":419,"column":3}},"163":{"start":{"line":418,"column":3},"end":{"line":418,"column":10}},"164":{"start":{"line":420,"column":2},"end":{"line":420,"column":26}},"165":{"start":{"line":421,"column":2},"end":{"line":421,"column":25}},"166":{"start":{"line":422,"column":2},"end":{"line":424,"column":44}},"167":{"start":{"line":428,"column":2},"end":{"line":428,"column":20}},"168":{"start":{"line":430,"column":2},"end":{"line":430,"column":60}},"169":{"start":{"line":431,"column":2},"end":{"line":440,"column":5}},"170":{"start":{"line":435,"column":3},"end":{"line":439,"column":4}},"171":{"start":{"line":436,"column":4},"end":{"line":436,"column":44}},"172":{"start":{"line":438,"column":4},"end":{"line":438,"column":46}},"173":{"start":{"line":441,"column":2},"end":{"line":441,"column":31}},"174":{"start":{"line":442,"column":2},"end":{"line":444,"column":3}},"175":{"start":{"line":443,"column":3},"end":{"line":443,"column":29}},"176":{"start":{"line":448,"column":2},"end":{"line":448,"column":20}},"177":{"start":{"line":450,"column":2},"end":{"line":450,"column":53}},"178":{"start":{"line":451,"column":2},"end":{"line":453,"column":3}},"179":{"start":{"line":452,"column":3},"end":{"line":452,"column":10}},"180":{"start":{"line":454,"column":2},"end":{"line":461,"column":9}},"181":{"start":{"line":455,"column":3},"end":{"line":455,"column":63}},"182":{"start":{"line":455,"column":56},"end":{"line":455,"column":63}},"183":{"start":{"line":456,"column":3},"end":{"line":460,"column":6}},"184":{"start":{"line":462,"column":2},"end":{"line":464,"column":3}},"185":{"start":{"line":463,"column":3},"end":{"line":463,"column":28}},"186":{"start":{"line":468,"column":2},"end":{"line":468,"column":34}},"187":{"start":{"line":468,"column":27},"end":{"line":468,"column":34}},"188":{"start":{"line":469,"column":2},"end":{"line":517,"column":3}},"189":{"start":{"line":472,"column":4},"end":{"line":475,"column":5}},"190":{"start":{"line":473,"column":5},"end":{"line":473,"column":28}},"191":{"start":{"line":474,"column":5},"end":{"line":474,"column":21}},"192":{"start":{"line":476,"column":4},"end":{"line":476,"column":11}},"193":{"start":{"line":479,"column":4},"end":{"line":481,"column":5}},"194":{"start":{"line":480,"column":5},"end":{"line":480,"column":12}},"195":{"start":{"line":482,"column":4},"end":{"line":482,"column":31}},"196":{"start":{"line":483,"column":4},"end":{"line":483,"column":10}},"197":{"start":{"line":486,"column":4},"end":{"line":486,"column":35}},"198":{"start":{"line":486,"column":28},"end":{"line":486,"column":35}},"199":{"start":{"line":487,"column":4},"end":{"line":487,"column":31}},"200":{"start":{"line":488,"column":4},"end":{"line":488,"column":10}},"201":{"start":{"line":491,"column":4},"end":{"line":495,"column":5}},"202":{"start":{"line":492,"column":5},"end":{"line":492,"column":23}},"203":{"start":{"line":493,"column":11},"end":{"line":495,"column":5}},"204":{"start":{"line":494,"column":5},"end":{"line":494,"column":28}},"205":{"start":{"line":496,"column":4},"end":{"line":496,"column":10}},"206":{"start":{"line":499,"column":4},"end":{"line":499,"column":31}},"207":{"start":{"line":500,"column":4},"end":{"line":500,"column":10}},"208":{"start":{"line":503,"column":4},"end":{"line":503,"column":27}},"209":{"start":{"line":504,"column":4},"end":{"line":504,"column":10}},"210":{"start":{"line":507,"column":4},"end":{"line":513,"column":5}},"211":{"start":{"line":508,"column":5},"end":{"line":508,"column":28}},"212":{"start":{"line":509,"column":5},"end":{"line":509,"column":29}},"213":{"start":{"line":510,"column":5},"end":{"line":510,"column":32}},"214":{"start":{"line":512,"column":5},"end":{"line":512,"column":12}},"215":{"start":{"line":514,"column":4},"end":{"line":514,"column":10}},"216":{"start":{"line":516,"column":4},"end":{"line":516,"column":11}},"217":{"start":{"line":518,"column":2},"end":{"line":518,"column":25}},"218":{"start":{"line":524,"column":2},"end":{"line":528,"column":3}},"219":{"start":{"line":525,"column":3},"end":{"line":527,"column":4}},"220":{"start":{"line":526,"column":4},"end":{"line":526,"column":32}},"221":{"start":{"line":529,"column":2},"end":{"line":529,"column":55}},"222":{"start":{"line":535,"column":2},"end":{"line":535,"column":49}},"223":{"start":{"line":536,"column":2},"end":{"line":538,"column":3}},"224":{"start":{"line":537,"column":3},"end":{"line":537,"column":48}},"225":{"start":{"line":539,"column":2},"end":{"line":556,"column":3}},"226":{"start":{"line":540,"column":3},"end":{"line":543,"column":6}},"227":{"start":{"line":544,"column":3},"end":{"line":547,"column":43}},"228":{"start":{"line":549,"column":3},"end":{"line":549,"column":64}},"229":{"start":{"line":550,"column":3},"end":{"line":555,"column":43}},"230":{"start":{"line":560,"column":2},"end":{"line":560,"column":20}},"231":{"start":{"line":562,"column":2},"end":{"line":564,"column":5}},"232":{"start":{"line":565,"column":2},"end":{"line":568,"column":5}},"233":{"start":{"line":567,"column":3},"end":{"line":567,"column":46}},"234":{"start":{"line":572,"column":2},"end":{"line":572,"column":38}},"235":{"start":{"line":572,"column":27},"end":{"line":572,"column":38}},"236":{"start":{"line":574,"column":2},"end":{"line":574,"column":20}},"237":{"start":{"line":576,"column":2},"end":{"line":576,"column":59}},"238":{"start":{"line":577,"column":2},"end":{"line":598,"column":3}},"239":{"start":{"line":578,"column":3},"end":{"line":597,"column":4}},"240":{"start":{"line":579,"column":4},"end":{"line":579,"column":37}},"241":{"start":{"line":580,"column":4},"end":{"line":596,"column":5}},"242":{"start":{"line":581,"column":5},"end":{"line":581,"column":56}},"243":{"start":{"line":582,"column":5},"end":{"line":582,"column":55}},"244":{"start":{"line":583,"column":5},"end":{"line":587,"column":7}},"245":{"start":{"line":588,"column":5},"end":{"line":592,"column":6}},"246":{"start":{"line":589,"column":6},"end":{"line":591,"column":7}},"247":{"start":{"line":590,"column":7},"end":{"line":590,"column":34}},"248":{"start":{"line":593,"column":5},"end":{"line":593,"column":29}},"249":{"start":{"line":594,"column":5},"end":{"line":594,"column":49}},"250":{"start":{"line":594,"column":19},"end":{"line":594,"column":49}},"251":{"start":{"line":595,"column":5},"end":{"line":595,"column":12}},"252":{"start":{"line":600,"column":2},"end":{"line":621,"column":4}},"253":{"start":{"line":601,"column":3},"end":{"line":601,"column":22}},"254":{"start":{"line":601,"column":12},"end":{"line":601,"column":22}},"255":{"start":{"line":602,"column":3},"end":{"line":604,"column":4}},"256":{"start":{"line":603,"column"
[...]
"\t\t\t\t\toptionLabelClick: !!this.props.onOptionLabelClick,","\t\t\t\t\tonOptionLabelClick: onOptionLabelClick,","\t\t\t\t\tonRemove: onRemove,","\t\t\t\t\tdisabled: this.props.disabled","\t\t\t\t});","\t\t\t\tvalue.push(valueComponent);","\t\t\t}, this);","\t\t}","","\t\tif (!this.state.inputValue && (!this.props.multi || !value.length)) {","\t\t\tvar val = this.state.values[0] || null;","\t\t\tif (this.props.valueRenderer && !!this.state.values.length) {","\t\t\t\tvalue.push(React.createElement(Value, {","\t\t\t\t\tkey: 0,","\t\t\t\t\toption: val,","\t\t\t\t\trenderer: this.props.valueRenderer,","\t\t\t\t\tdisabled: this.props.disabled }));","\t\t\t} else {","\t\t\t\tvar singleValueComponent = React.createElement(this.props.singleValueComponent, {","\t\t\t\t\tkey: 'placeholder',","\t\t\t\t\tvalue: val,","\t\t\t\t\tplaceholder: this.state.placeholder","\t\t\t\t});","\t\t\t\tvalue.push(singleValueComponent);","\t\t\t}","\t\t}","","\t\t// loading spinner","\t\tvar loading = this.isLoading() ? React.createElement(","\t\t\t'span',","\t\t\t{ className: 'Select-loading-zone', 'aria-hidden': 'true' },","\t\t\tReact.createElement('span', { className: 'Select-loading' })","\t\t) : null;","","\t\t// clear \"x\" button","\t\tvar clear = this.props.clearable && this.state.value && !this.props.disabled && !this.isLoading() ? React.createElement(","\t\t\t'span',","\t\t\t{ className: 'Select-clear-zone', title: this.props.multi ? this.props.clearAllText : this.props.clearValueText, 'aria-label': this.props.multi ? this.props.clearAllText : this.props.clearValueText, onMouseDown: this.clearValue, onTouchEnd: this.clearValue, onClick: this.clearValue },","\t\t\tReact.createElement('span', { className: 'Select-clear', dangerouslySetInnerHTML: { __html: '&times;' } })","\t\t) : null;","","\t\t// indicator arrow","\t\tvar arrow = React.createElement(","\t\t\t'span',","\t\t\t{ className: 'Select-arrow-zone', onMouseDown: this.handleMouseDownOnArrow },","\t\t\tReact.createElement('span', { className: 'Select-arrow', onMouseDown: this.handleMouseDownOnArrow })","\t\t);","","\t\tvar menu;","\t\tvar menuProps;","\t\tif (this.state.isOpen) {","\t\t\tmenuProps = {","\t\t\t\tref: 'menu',","\t\t\t\tclassName: 'Select-menu',","\t\t\t\tonMouseDown: this.handleMouseDownOnMenu","\t\t\t};","\t\t\tmenu = React.createElement(","\t\t\t\t'div',","\t\t\t\t{ ref: 'selectMenuContainer', className: 'Select-menu-outer' },","\t\t\t\tReact.createElement(","\t\t\t\t\t'div',","\t\t\t\t\tmenuProps,","\t\t\t\t\tthis.buildMenu()","\t\t\t\t)","\t\t\t);","\t\t}","","\t\tvar input;","\t\tvar inputProps = {","\t\t\tref: 'input',","\t\t\tclassName: 'Select-input ' + (this.props.inputProps.className || ''),","\t\t\ttabIndex: this.props.tabIndex || 0,","\t\t\tonFocus: this.handleInputFocus,","\t\t\tonBlur: this.handleInputBlur","\t\t};","\t\tfor (var key in this.props.inputProps) {","\t\t\tif (this.props.inputProps.hasOwnProperty(key) && key !== 'className') {","\t\t\t\tinputProps[key] = this.props.inputProps[key];","\t\t\t}","\t\t}","","\t\tif (!this.props.disabled) {","\t\t\tif (this.props.searchable) {","\t\t\t\tinput = React.createElement(Input, _extends({ value: this.state.inputValue, onChange: this.handleInputChange, minWidth: '5' }, inputProps));","\t\t\t} else {","\t\t\t\tinput = React.createElement(","\t\t\t\t\t'div',","\t\t\t\t\tinputProps,","\t\t\t\t\t' '","\t\t\t\t);","\t\t\t}","\t\t} else if (!this.props.multi || !this.state.values.length) {","\t\t\tinput = React.createElement(","\t\t\t\t'div',","\t\t\t\t{ className: 'Select-input' },","\t\t\t\t' '","\t\t\t);","\t\t}","","\t\treturn React.createElement(","\t\t\t'div',","\t\t\t{ ref: 'wrapper', className: selectClass },","\t\t\tReact.createElement('input', { type: 'hidden', ref: 'value', name: this.props.name, value: this.state.value, disabled: this.props.disabled }),","\t\t\tReact.createElement(","\t\t\t\t'div',","\t\t\t\t{ className: 'Select-control', ref: 'control', onKeyDown: this.handleKeyDown, onMouseDown: this.handleMouseDown, onTouchEnd: this.handleMouseDown },","\t\t\t\tvalue,","\t\t\t\tinput,","\t\t\t\tloading,","\t\t\t\tclear,","\t\t\t\tarrow","\t\t\t),","\t\t\tmenu","\t\t);","\t}","});","","module.exports = Select;"],"l":{"7":1,"9":1,"11":1,"12":1,"13":1,"14":1,"15":1,"16":1,"17":1,"19":1,"21":1,"70":1,"109":0,"127":0,"129":0,"130":0,"131":0,"132":0,"133":0,"135":0,"136":0,"138":0,"139":0,"142":0,"143":0,"148":0,"149":0,"150":0,"152":0,"155":0,"156":0,"157":0,"159":0,"162":0,"166":0,"167":0,"172":0,"173":0,"174":0,"175":0,"180":0,"182":0,"183":0,"184":0,"185":0,"190":0,"191":0,"192":0,"194":0,"195":0,"197":0,"203":0,"205":0,"206":0,"207":0,"208":0,"209":0,"210":0,"211":0,"214":0,"215":0,"216":0,"217":0,"218":0,"219":0,"221":0,"222":0,"225":0,"230":0,"234":0,"235":0,"236":0,"237":0,"239":0,"243":0,"245":0,"246":0,"248":0,"249":0,"253":0,"255":0,"256":0,"258":0,"259":0,"260":0,"261":0,"262":0,"264":0,"265":0,"266":0,"270":0,"281":0,"282":0,"283":0,"289":0,"291":0,"292":0,"293":0,"295":0,"298":0,"299":0,"300":0,"302":0,"303":0,"304":0,"307":0,"309":0,"315":0,"316":0,"318":0,"319":0,"320":0,"321":0,"325":0,"326":0,"327":0,"328":0,"330":0,"334":0,"338":0,"342":0,"343":0,"350":0,"351":0,"353":0,"354":0,"355":0,"359":0,"363":0,"364":0,"368":0,"369":0,"376":0,"377":0,"379":0,"380":0,"383":0,"384":0,"387":0,"390":0,"391":0,"395":0,"396":0,"403":0,"404":0,"406":0,"407":0,"413":0,"414":0,"417":0,"418":0,"420":0,"421":0,"422":0,"428":0,"430":0,"431":0,"435":0,"436":0,"438":0,"441":0,"442":0,"443":0,"448":0,"450":0,"451":0,"452":0,"454":0,"455":0,"456":0,"462":0,"463":0,"468":0,"469":0,"472":0,"473":0,"474":0,"476":0,"479":0,"480":0,"482":0,"483":0,"486":0,"487":0,"488":0,"491":0,"492":0,"493":0,"494":0,"496":0,"499":0,"500":0,"503":0,"504":0,"507":0,"508":0,"509":0,"510":0,"512":0,"514":0,"516":0,"518":0,"524":0,"525":0,"526":0,"529":0,"535":0,"536":0,"537":0,"539":0,"540":0,"544":0,"549":0,"550":0,"560":0,"562":0,"565":0,"567":0,"572":0,"574":0,"576":0,"577":0,"578":0,"579":0,"580":0,"581":0,"582":0,"583":0,"588":0,"589":0,"590":0,"593":0,"594":0,"595":0,"600":0,"601":0,"602":0,"603":0,"605":0,"606":0,"608":0,"609":0,"614":0,"615":0,"616":0,"619":0,"620":0,"623":0,"625":0,"626":0,"627":0,"629":0,"635":0,"637":0,"638":0,"639":0,"641":0,"642":0,"644":0,"645":0,"646":0,"647":0,"648":0,"649":0,"650":0,"651":0,"652":0,"654":0,"656":0,"661":0,"662":0,"665":0,"666":0,"671":0,"677":0,"681":0,"685":0,"686":0,"687":0,"689":0,"690":0,"695":0,"697":0,"698":0,"700":0,"701":0,"702":0,"703":0,"704":0,"707":0,"708":0,"709":0,"710":0,"711":0,"712":0,"714":0,"717":0,"723":0,"724":0,"731":0,"735":0,"736":0,"737":0,"738":0,"741":0,"742":0,"743":0,"744":0,"745":0,"750":0,"752":0,"753":0,"754":0,"755":0,"756":0,"762":0,"763":0,"774":0,"777":0,"778":0,"780":0,"781":0,"782":0,"783":0,"784":0,"785":0,"786":0,"788":0,"789":0,"792":0,"801":0,"802":0,"807":0,"811":0,"820":0,"821":0,"822":0,"823":0,"824":0,"825":0,"826":0,"835":0,"839":0,"840":0,"841":0,"842":0,"848":0,"853":0,"858":0,"865":0,"872":0,"878":0,"879":0,"880":0,"881":0,"886":0,"897":0,"898":0,"905":0,"906":0,"907":0,"911":0,"912":0,"913":0,"915":0,"921":0,"922":0,"929":0,"947":1}},"/home/travis/build/npmtest/node-npmtest-react-select/react-select/lib/Value.js":{"path":"/home/travis/build/npmtest/node-npmtest-react-select/react-select/lib/Value.js","s":{"1":1,"2":1,"3":1,"4":0,"5":0,"6":0,"7":0,"8":0,"9":0,"10":0,"11":0,"12":0,"13":0,"14":0,"15":1},"b":{"1":[0,0],"2":[0,0],"3":[0,0],"4":[0,0],"5":[0,0]},"f":{"1":0,"2":0,"3":0},"fnMap":{"1":{"name":"blockEvent","line":19,"loc":{"start":{"line":19,"column":13},"end":{"line":19,"column":40}}},"2":{"name":"handleOnRemove","line":23,"loc":{"start":{"line":23,"column":17},"end":{"line":23,"column":48}}},"3":{"name":"render","line":29,"loc":{"start":{"line":29,"column":9},"end":{"line":29,"column":27}}}},"statementMap":{"1":{"start":{"line":3,"column":0},"end":{"line":3,"column":29}},"2":{"start":{"line":4,"column":0},"end":{"line":4,"column":36}},"3":{"start":{"line":6,"column":0},"end":{"line":81,"column":3}},"4":{"start":{"line":20,"column":2},"end":{"line":20,"column":26}},"5":{"start":{"line":24,"column":2},"end":{"line":26,"column":3}},"6":{"start":{"line":25,"column":3},"end":{"line":25,"column":30}},"7":{"start":{"line":30,"column":2},"end":{"line":30,"column":38}},"8":{"start":{"line":31,"column":2},"end":{"line":33,"column":3}},"9":{"start":{"line":32,"column":3},"end":{"line":32,"column":50}},"10":{"start":{"line":35,"column":2},"end":{"line":45,"column":3}},"11":{"start":{"line":36,"column":3},"end":{"line":44,"column":5}},"12":{"start":{"line":47,"column":2},"end":{"line":58,"column":3}},"13":{"start":{"line":48,"column":3},"end":{"line":57,"column":5}},"14":{"start":{"line":60,"column":2},"end":{"line":78,"column":4}},"15":{"start":{"line":83,"column":0},"end":{"line":83,"column":23}}},"branchMap":{"1":{"line":24,"type":"if","locations":[{"start":{"line":24,"column":2},"end":{"line":24,"column":2}},{"start":{"line":24,"column":2},"end":{"line":24,"column":2}}]},"2":{"line":31,"type":"if","locations":[{"start":{"line":31,"column":2},"end":{"line":31,"column":2}},{"start":{"line":31,"column":2},"end":{"line":31,"column":2}}]},"3":{"line":35,"type":"if","locations":[{"start":{"line":35,"column":2},"end":{"line":35,"column":2}},{"start":{"line":35,"column":2},"end":{"line":35,"column":2}}]},"4":{"line":35,"type":"binary-expr","locations":[{"start":{"line":35,"column":6},"end":{"line":35,"column":26}},{"start":{"line":35,"column":30},"end":{"line":35,"column":58}}]},"5":{"line":47,"type":"if","locations":[{"start":{"line":47,"column":2},"end":{"line":47,"column":2}},{"start":{"line":47,"column":2},"end":{"line":47,"column":2}}]}},"code":["'use strict';","","var React = require('react');","var classes = require('classnames');","","var Value = React.createClass({","","\tdisplayName: 'Value',","","\tpropTypes: {","\t\tdisabled: React.PropTypes.bool, // disabled prop passed to ReactSelect","\t\tonOptionLabelClick: React.PropTypes.func, // method to handle click on value label","\t\tonRemove: React.PropTypes.func, // method to handle remove of that value","\t\toption: React.PropTypes.object.isRequired, // option passed to component","\t\toptionLabelClick: React.PropTypes.bool, // indicates if onOptionLabelClick should be handled","\t\trenderer: React.PropTypes.func // method to render option label passed to ReactSelect","\t},","","\tblockEvent: function blockEvent(event) {","\t\tevent.stopPropagation();","\t},","","\thandleOnRemove: function handleOnRemove(event) {","\t\tif (!this.props.disabled) {","\t\t\tthis.props.onRemove(event);","\t\t}","\t},","","\trender: function render() {","\t\tvar label = this.props.option.label;","\t\tif (this.props.renderer) {","\t\t\tlabel = this.props.renderer(this.props.option);","\t\t}","","\t\tif (!this.props.onRemove && !this.props.optionLabelClick) {","\t\t\treturn React.createElement(","\t\t\t\t'div',","\t\t\t\t{","\t\t\t\t\tclassName: classes('Select-value', this.props.option.className),","\t\t\t\t\tstyle: this.props.option.style,","\t\t\t\t\ttitle: this.props.option.title","\t\t\t\t},","\t\t\t\tlabel","\t\t\t);","\t\t}","","\t\tif (this.props.optionLabelClick) {","\t\t\tlabel = React.createElement(","\t\t\t\t'a',","\t\t\t\t{ className: classes('Select-item-label__a', this.props.option.className),","\t\t\t\t\tonMouseDown: this.blockEvent,","\t\t\t\t\tonTouchEnd: this.props.onOptionLabelClick,","\t\t\t\t\tonClick: this.props.onOptionLabelClick,","\t\t\t\t\tstyle: this.props.option.style,","\t\t\t\t\ttitle: this.props.option.title },","\t\t\t\tlabel","\t\t\t);","\t\t}","","\t\treturn React.createElement(","\t\t\t'div',","\t\t\t{ className: classes('Select-item', this.props.option.className),","\t\t\t\tstyle: this.props.option.style,","\t\t\t\ttitle: this.props.option.title },","\t\t\tReact.createElement(","\t\t\t\t'span',","\t\t\t\t{ className: 'Select-item-icon',","\t\t\t\t\tonMouseDown: this.blockEvent,","\t\t\t\t\tonClick: this.handleOnRemove,","\t\t\t\t\tonTouchEnd: this.handleOnRemove },","\t\t\t\t'×'","\t\t\t),","\t\t\tReact.createElement(","\t\t\t\t'span',","\t\t\t\t{ className: 'Select-item-label' },","\t\t\t\tlabel","\t\t\t)","\t\t);","\t}","","});","","module.exports = Value;"],"l":{"3":1,"4":1,"6":1,"20":0,"24":0,"25":0,"30":0,"31":0,"32":0,"35":0,"36":0,"47":0,"48":0,"60":0,"83":1}},"/home/travis/build/npmtest/node-npmtest-react-select/react-select/lib/SingleValue.js":{"path":"/home/travis/build/npmtest/node-npmtest-react-select/react-select/lib/SingleValue.js","s":{"1":1,"2":1,"3":1,"4":0,"5":0,"6":1},"b":{"1":[0,0],"2":[0,0],"3":[0,0]},"f":{"1":0},"fnMap":{"1":{"name":"render","line":13,"loc":{"start":{"line":13,"column":9},"end":{"line":13,"column":27}}}},"statementMap":{"1":{"start":{"line":3,"column":0},"end":{"line":3,"column":29}},"2":{"start":{"line":4,"column":0},"end":{"line":4,"column":36}},"3":{"start":{"line":6,"column":0},"end":{"line":25,"column":3}},"4":{"start":{"line":14,"column":2},"end":{"line":14,"column":97}},"5":{"start":{"line":15,"column":2},"end":{"line":23,"column":4}},"6":{"start":{"line":27,"column":0},"end":{"line":27,"column":29}}},"branchMap":{"1":{"line":14,"type":"binary-expr","locations":[{"start":{"line":14,"column":49},"end":{"line":14,"column":65}},{"start":{"line":14,"column":69},"end":{"line":14,"column":95}}]},"2":{"line":19,"type":"binary-expr","locations":[{"start":{"line":19,"column":11},"end":{"line":19,"column":27}},{"start":{"line":19,"column":31},"end":{"line":19,"column":53}}]},"3":{"line":20,"type":"binary-expr","locations":[{"start":{"line":20,"column":11},"end":{"line":20,"column":27}},{"start":{"line":20,"column":31},"end":{"line":20,"column":53}}]}},"code":["'use strict';","","var React = require('react');","var classes = require('classnames');","","var SingleValue = React.createClass({","\tdisplayName: 'SingleValue',","","\tpropTypes: {","\t\tplaceholder: React.PropTypes.string, // this is default value provided by React-Select based component","\t\tvalue: React.PropTypes.object // selected option","\t},","\trender: function render() {","\t\tvar classNames = classes('Select-placeholder', this.props.value && this.props.value.className);","\t\treturn React.createElement(","\t\t\t'div',","\t\t\t{","\t\t\t\tclassName: classNames,","\t\t\t\tstyle: this.props.value && this.props.value.style,","\t\t\t\ttitle: this.props.value && this.props.value.title","\t\t\t},","\t\t\tthis.props.placeholder","\t\t);","\t}","});","","module.exports = SingleValue;"],"l":{"3":1,"4":1,"6":1,"14":0,"15":0,"27":1}},"/home/travis/build/npmtest/node-npmtest-react-select/react-select/lib/Option.js":{"path":"/home/travis/build/npmtest/node-npmtest-react-select/react-select/lib/Option.js","s":{"1":1,"2":1,"3":1,"4":0,"5":0,"6":0,"7":0,"8":0,"9":0,"10":0,"11":0,"12":0,"13":0,"14":0,"15":0,"16":0,"17":1},"b":{"1":[0,0],"2":[0,0],"3":[0,0],"4":[0,0],"5":[0,0]},"f":{"1":0,"2":0,"3":0,"4":0,"5":0},"fnMap":{"1":{"name":"blockEvent","line":18,"loc":{"start":{"line":18,"column":13},"end":{"line":18,"column":40}}},"2":{"name":"handleMouseDown","line":30,"loc":{"start":{"line":30,"column":18},"end":{"line":30,"column":46}}},"3":{"name":"handleMouseEnter","line":33,"loc":{"start":{"line":33,"column":19},"end":{"line":33,"column":48}}},"4":{"name":"handleMouseLeave","line":36,"loc":{"start":{"line":36,"column":19},"end":{"line":36,"column":48}}},"5":{"name":"render","line":39,"loc":{"start":{"line":39,"column":9},"end":{"line":39,"column":27}}}},"statementMap":{"1":{"start":{"line":3,"column":0},"end":{"line":3,"column":29}},"2":{"start":{"line":4,"column":0},"end":{"line":4,"column":36}},"3":{"start":{"line":6,"column":0},"end":{"line":62,"column":3}},"4":{"start":{"line":19,"column":2},"end":{"line":19,"column":25}},"5":{"start":{"line":20,"column":2},"end":{"line":22,"column":3}},"6":{"start":{"line":21,"column":3},"end":{"line":21,"column":10}},"7":{"start":{"line":24,"column":2},"end":{"line":28,"column":3}},"8":{"start":{"line":25,"column":3},"end":{"line":25,"column":34}},"9":{"start":{"line":27,"column":3},"end":{"line":27,"column":44}},"10":{"start":{"line":31,"column":2},"end":{"line":31,"column":45}},"11":{"start":{"line":34,"column":2},"end":{"line":34,"column":46}},"12":{"start":{"line":37,"column":2},"end":{"line":37,"column":46}},"13":{"start":{"line":40,"column":2},"end":{"line":40,"column":33}},"14":{"start":{"line":41,"column":2},"end":{"line":41,"column":119}},"15":{"start":{"line":42,"column":2},"end":{"line":42,"column":70}},"16":{"start":{"line":44,"column":2},"end":{"line":60,"column":4}},"17":{"start":{"line":64,"column":0},"end":{"line":64,"column":24}}},"branchMap":{"1":{"line":20,"type":"if","locations":[{"start":{"line":20,"column":2},"end":{"line":20,"column":2}},{"start":{"line":20,"column":2},"end":{"line":20,"column":2}}]},"2":{"line":20,"type":"binary-expr","locations":[{"start":{"line":20,"column":6},"end":{"line":20,"column":34}},{"start":{"line":20,"column":38},"end":{"line":20,"column":63}}]},"3":{"line":24,"type":"if","locations":[{"start":{"line":24,"column":2},"end":{"line":24,"column":2}},{"start":{"line":24,"column":2},"end":{"line":24,"column":2}}]},"4":{"line":41,"type":"cond-expr","locations":[{"start":{"line":41,"column":30},"end":{"line":41,"column":86}},{"start":{"line":41,"column":89},"end":{"line":41,"column":118}}]},"5":{"line":44,"type":"cond-expr","locations":[{"start":{"line":44,"column":27},"end":{"line":50,"column":3}},{"start":{"line":50,"column":6},"end":{"line":60,"column":3}}]}},"code":["'use strict';","","var React = require('react');","var classes = require('classnames');","","var Option = React.createClass({","\tdisplayName: 'Option',","","\tpropTypes: {","\t\taddLabelText: React.PropTypes.string, // string rendered in case of allowCreate option passed to ReactSelect","\t\tclassName: React.PropTypes.string, // className (based on mouse position)","\t\tmouseDown: React.PropTypes.func, // method to handle click on option element","\t\tmouseEnter: React.PropTypes.func, // method to handle mouseEnter on option element","\t\tmouseLeave: React.PropTypes.func, // method to handle mouseLeave on option element","\t\toption: React.PropTypes.object.isRequired, // object that is base for that option","\t\trenderFunc: React.PropTypes.func // method passed to ReactSelect component to render label text","\t},","\tblockEvent: function blockEvent(event) {","\t\tevent.preventDefault();","\t\tif (event.target.tagName !== 'A' || !('href' in event.target)) {","\t\t\treturn;","\t\t}","","\t\tif (event.target.target) {","\t\t\twindow.open(event.target.href);","\t\t} else {","\t\t\twindow.location.href = event.target.href;","\t\t}","\t},","\thandleMouseDown: function handleMouseDown(e) {","\t\tthis.props.mouseDown(this.props.option, e);","\t},","\thandleMouseEnter: function handleMouseEnter(e) {","\t\tthis.props.mouseEnter(this.props.option, e);","\t},","\thandleMouseLeave: function handleMouseLeave(e) {","\t\tthis.props.mouseLeave(this.props.option, e);","\t},","\trender: function render() {","\t\tvar option = this.props.option;","\t\tvar label = option.create ? this.props.addLabelText.replace('{label}', option.label) : this.props.renderFunc(option);","\t\tvar optionClasses = classes(this.props.className, option.className);","","\t\treturn option.disabled ? React.createElement(","\t\t\t'div',","\t\t\t{ className: optionClasses,","\t\t\t\tonMouseDown: this.blockEvent,","\t\t\t\tonClick: this.blockEvent },","\t\t\tlabel","\t\t) : React.createElement(","\t\t\t'div',","\t\t\t{ className: optionClasses,","\t\t\t\tstyle: option.style,","\t\t\t\tonMouseDown: this.handleMouseDown,","\t\t\t\tonMouseEnter: this.handleMouseEnter,","\t\t\t\tonMouseLeave: this.handleMouseLeave,","\t\t\t\tonClick: this.handleMouseDown,","\t\t\t\ttitle: option.title },","\t\t\tlabel","\t\t);","\t}","});","","module.exports = Option;"],"l":{"3":1,"4":1,"6":1,"19":0,"20":0,"21":0,"24":0,"25":0,"27":0,"31":0,"34":0,"37":0,"40":0,"41":0,"42":0,"44":0,"64":1}}}